============= Diagnostics Hub Log =============

Debug --- StandardCollector.Bridge.cpp --- Querying VS for Performance Debugger status
Debug --- StandardCollector.Bridge.cpp --- Received custom message '14'
Debug --- StandardCollector.Bridge.cpp --- Performance Debugger status: create new session
Info --- StandardCollector.Bridge.cpp --- Creating collection session for performance debugging.
Debug --- CollectionSession.cpp --- Creating collection service for scenario '0' from location '0'
Debug --- CollectionSession.cpp --- Created collection session '{A327C0DC-67A8-4140-9ED9-3DDA4E3486ED}'
Info --- CollectionSession.cpp --- Started collection session (Performance Debugger)
Debug --- TargetProcessMonitor.cpp --- Registered process exit handler for process ID: 19796
Debug --- CollectionSession.cpp --- Enter break: Process ID: 19796, Event ID: 18446744073709551615, Timestamp: 406010841974
Debug --- CollectionSession.cpp --- Exit break: Process ID: 19796, Enter Timestamp: 406010841974, Exit Timestamp: 406010891178
Debug --- CollectionSession.cpp --- Enter break: Process ID: 19796, Event ID: 406012571515, Timestamp: 406012571515
Debug --- CollectionSession.cpp --- Exit break: Process ID: 19796, Enter Timestamp: 406012571515, Exit Timestamp: 406014409979
Debug --- StandardCollector.Bridge.cpp --- Received custom message '20'
Debug --- CollectionSession.cpp --- Enter break: Process ID: 19796, Event ID: 406014723394, Timestamp: 406014723394
Debug --- CollectionSession.cpp --- Exit break: Process ID: 19796, Enter Timestamp: 406014723394, Exit Timestamp: 406015145765
Debug --- CollectionSession.cpp --- Enter break: Process ID: 19796, Event ID: 406015244723, Timestamp: 406015244723
Debug --- CollectionSession.cpp --- Exit break: Process ID: 19796, Enter Timestamp: 406015244723, Exit Timestamp: 406015252487
Debug --- CollectionSession.cpp --- Enter break: Process ID: 19796, Event ID: 406015254377, Timestamp: 406015254377
Debug --- CollectionSession.cpp --- Exit break: Process ID: 19796, Enter Timestamp: 406015254377, Exit Timestamp: 406015274817
Debug --- CollectionSession.cpp --- Enter break: Process ID: 19796, Event ID: 406015482924, Timestamp: 406015482924
Debug --- CollectionSession.cpp --- Exit break: Process ID: 19796, Enter Timestamp: 406015482924, Exit Timestamp: 406015565046
Debug --- CollectionSession.cpp --- Enter break: Process ID: 19796, Event ID: 406015613181, Timestamp: 406015613181
Debug --- CollectionSession.cpp --- Exit break: Process ID: 19796, Enter Timestamp: 406015613181, Exit Timestamp: 406015632285
Debug --- CollectionSession.cpp --- Enter break: Process ID: 19796, Event ID: 406015730380, Timestamp: 406015730380
Debug --- CollectionSession.cpp --- Exit break: Process ID: 19796, Enter Timestamp: 406015730380, Exit Timestamp: 406015739793
Debug --- CollectionSession.cpp --- Enter break: Process ID: 19796, Event ID: 406015762342, Timestamp: 406015762342
Debug --- CollectionSession.cpp --- Exit break: Process ID: 19796, Enter Timestamp: 406015762342, Exit Timestamp: 406015815305
Debug --- CollectionSession.cpp --- Enter break: Process ID: 19796, Event ID: 406015854540, Timestamp: 406015854540
Debug --- CollectionSession.cpp --- Exit break: Process ID: 19796, Enter Timestamp: 406015854540, Exit Timestamp: 406015862581
Debug --- CollectionSession.cpp --- Enter break: Process ID: 19796, Event ID: 406015975495, Timestamp: 406015975495
Debug --- CollectionSession.cpp --- Exit break: Process ID: 19796, Enter Timestamp: 406015975495, Exit Timestamp: 406015986364
Debug --- CollectionSession.cpp --- Enter break: Process ID: 19796, Event ID: 406016038154, Timestamp: 406016038154
Debug --- CollectionSession.cpp --- Exit break: Process ID: 19796, Enter Timestamp: 406016038154, Exit Timestamp: 406016045414
Debug --- CollectionSession.cpp --- Enter break: Process ID: 19796, Event ID: 406016072120, Timestamp: 406016072120
Debug --- CollectionSession.cpp --- Exit break: Process ID: 19796, Enter Timestamp: 406016072120, Exit Timestamp: 406016086033
Debug --- StandardCollector.Bridge.cpp --- Received custom message '10'
Debug --- StandardCollector.Bridge.cpp --- Received custom message '10'
Debug --- StandardCollector.Bridge.cpp --- Received custom message '20'
Debug --- StandardCollector.Bridge.cpp --- Received custom message '10'
Debug --- StandardCollector.Bridge.cpp --- Received custom message '10'
Debug --- StandardCollector.Bridge.cpp --- Received custom message '10'
Debug --- StandardCollector.Bridge.cpp --- Received custom message '10'
Debug --- StandardCollector.Bridge.cpp --- Received custom message '10'
Debug --- StandardCollector.Bridge.cpp --- Received custom message '10'
Debug --- StandardCollector.Bridge.cpp --- Received custom message '10'
Debug --- StandardCollector.Bridge.cpp --- Received custom message '10'
Debug --- StandardCollector.Bridge.cpp --- Received custom message '10'
Debug --- StandardCollector.Bridge.cpp --- Received custom message '10'
Debug --- StandardCollector.Bridge.cpp --- Received custom message '10'
Debug --- StandardCollector.Bridge.cpp --- Received custom message '10'
Debug --- StandardCollector.Bridge.cpp --- Received custom message '10'
Debug --- StandardCollector.Bridge.cpp --- Received custom message '10'
Debug --- StandardCollector.Bridge.cpp --- Received custom message '10'
Debug --- StandardCollector.Bridge.cpp --- Received custom message '10'
Debug --- StandardCollector.Bridge.cpp --- Received custom message '10'
Debug --- StandardCollector.Bridge.cpp --- Received custom message '10'
Debug --- StandardCollector.Bridge.cpp --- Received custom message '10'
Debug --- StandardCollector.Bridge.cpp --- Received custom message '10'
Debug --- StandardCollector.Bridge.cpp --- Received custom message '10'
Debug --- StandardCollector.Bridge.cpp --- Received custom message '10'
Debug --- StandardCollector.Bridge.cpp --- Received custom message '10'
Debug --- StandardCollector.Bridge.cpp --- Received custom message '10'
Debug --- StandardCollector.Bridge.cpp --- Received custom message '10'
Debug --- StandardCollector.Bridge.cpp --- Received custom message '10'
Debug --- StandardCollector.Bridge.cpp --- Received custom message '10'
Debug --- StandardCollector.Bridge.cpp --- Received custom message '10'
Debug --- StandardCollector.Bridge.cpp --- Received custom message '10'
Debug --- StandardCollector.Bridge.cpp --- Received custom message '10'
Debug --- StandardCollector.Bridge.cpp --- Received custom message '10'
Debug --- StandardCollector.Bridge.cpp --- Received custom message '10'
Debug --- StandardCollector.Bridge.cpp --- Received custom message '10'
Debug --- StandardCollector.Bridge.cpp --- Received custom message '10'
Debug --- StandardCollector.Bridge.cpp --- Received custom message '10'
Debug --- StandardCollector.Bridge.cpp --- Received custom message '10'
Debug --- StandardCollector.Bridge.cpp --- Received custom message '10'
Debug --- StandardCollector.Bridge.cpp --- Received custom message '10'
Debug --- StandardCollector.Bridge.cpp --- Received custom message '10'
Debug --- StandardCollector.Bridge.cpp --- Received custom message '10'
Debug --- StandardCollector.Bridge.cpp --- Received custom message '10'
Debug --- StandardCollector.Bridge.cpp --- Received custom message '10'
Debug --- StandardCollector.Bridge.cpp --- Received custom message '10'
Debug --- StandardCollector.Bridge.cpp --- Received custom message '10'
Debug --- StandardCollector.Bridge.cpp --- Received custom message '10'
Debug --- StandardCollector.Bridge.cpp --- Received custom message '10'
Debug --- StandardCollector.Bridge.cpp --- Received custom message '10'
Debug --- StandardCollector.Bridge.cpp --- Received custom message '10'
Debug --- StandardCollector.Bridge.cpp --- Received custom message '10'
Debug --- StandardCollector.Bridge.cpp --- Received custom message '10'
Debug --- StandardCollector.Bridge.cpp --- Received custom message '10'
Debug --- StandardCollector.Bridge.cpp --- Received custom message '10'
Debug --- StandardCollector.Bridge.cpp --- Received custom message '10'
Debug --- StandardCollector.Bridge.cpp --- Received custom message '10'
Debug --- StandardCollector.Bridge.cpp --- Received custom message '10'
Debug --- StandardCollector.Bridge.cpp --- Received custom message '10'
Debug --- StandardCollector.Bridge.cpp --- Received custom message '10'
Debug --- StandardCollector.Bridge.cpp --- Received custom message '10'
Debug --- StandardCollector.Bridge.cpp --- Received custom message '10'
Debug --- StandardCollector.Bridge.cpp --- Received custom message '10'
Debug --- StandardCollector.Bridge.cpp --- Received custom message '10'
Debug --- StandardCollector.Bridge.cpp --- Received custom message '10'
Debug --- StandardCollector.Bridge.cpp --- Received custom message '10'
Debug --- StandardCollector.Bridge.cpp --- Received custom message '10'
Debug --- StandardCollector.Bridge.cpp --- Received custom message '10'
Debug --- StandardCollector.Bridge.cpp --- Received custom message '10'
Debug --- StandardCollector.Bridge.cpp --- Received custom message '10'
Debug --- StandardCollector.Bridge.cpp --- Received custom message '10'
Debug --- StandardCollector.Bridge.cpp --- Received custom message '10'
Debug --- StandardCollector.Bridge.cpp --- Received custom message '10'
Debug --- StandardCollector.Bridge.cpp --- Received custom message '10'
Debug --- StandardCollector.Bridge.cpp --- Received custom message '10'
Debug --- StandardCollector.Bridge.cpp --- Received custom message '10'
Debug --- StandardCollector.Bridge.cpp --- Received custom message '10'
Debug --- StandardCollector.Bridge.cpp --- Received custom message '10'
Debug --- StandardCollector.Bridge.cpp --- Received custom message '10'
Debug --- StandardCollector.Bridge.cpp --- Received custom message '10'
Debug --- StandardCollector.Bridge.cpp --- Received custom message '10'
Debug --- StandardCollector.Bridge.cpp --- Received custom message '10'
Debug --- StandardCollector.Bridge.cpp --- Received custom message '10'
Debug --- StandardCollector.Bridge.cpp --- Received custom message '10'
Debug --- StandardCollector.Bridge.cpp --- Received custom message '10'
Debug --- StandardCollector.Bridge.cpp --- Received custom message '10'
Debug --- StandardCollector.Bridge.cpp --- Received custom message '10'
Debug --- StandardCollector.Bridge.cpp --- Received custom message '10'
Debug --- StandardCollector.Bridge.cpp --- Received custom message '10'
Debug --- StandardCollector.Bridge.cpp --- Received custom message '10'
Debug --- StandardCollector.Bridge.cpp --- Received custom message '10'
Debug --- StandardCollector.Bridge.cpp --- Received custom message '10'
Debug --- StandardCollector.Bridge.cpp --- Received custom message '10'
Debug --- StandardCollector.Bridge.cpp --- Received custom message '10'
Debug --- StandardCollector.Bridge.cpp --- Received custom message '10'
Debug --- StandardCollector.Bridge.cpp --- Received custom message '10'
Debug --- StandardCollector.Bridge.cpp --- Received custom message '10'
Debug --- StandardCollector.Bridge.cpp --- Received custom message '10'
Debug --- StandardCollector.Bridge.cpp --- Received custom message '10'
Debug --- StandardCollector.Bridge.cpp --- Received custom message '10'
Debug --- StandardCollector.Bridge.cpp --- Received custom message '10'
Debug --- StandardCollector.Bridge.cpp --- Received custom message '10'
Debug --- StandardCollector.Bridge.cpp --- Received custom message '10'
Debug --- StandardCollector.Bridge.cpp --- Received custom message '10'
Debug --- StandardCollector.Bridge.cpp --- Received custom message '10'
Debug --- StandardCollector.Bridge.cpp --- Received custom message '10'
Debug --- StandardCollector.Bridge.cpp --- Received custom message '10'
Debug --- StandardCollector.Bridge.cpp --- Received custom message '10'
Debug --- StandardCollector.Bridge.cpp --- Received custom message '10'
Debug --- StandardCollector.Bridge.cpp --- Received custom message '10'
Debug --- StandardCollector.Bridge.cpp --- Received custom message '10'
Debug --- StandardCollector.Bridge.cpp --- Received custom message '10'
Debug --- StandardCollector.Bridge.cpp --- Received custom message '10'
Debug --- StandardCollector.Bridge.cpp --- Received custom message '10'
Debug --- StandardCollector.Bridge.cpp --- Received custom message '10'
Debug --- StandardCollector.Bridge.cpp --- Received custom message '10'
Debug --- StandardCollector.Bridge.cpp --- Received custom message '10'
Debug --- StandardCollector.Bridge.cpp --- Received custom message '10'
Debug --- StandardCollector.Bridge.cpp --- Received custom message '10'
Debug --- StandardCollector.Bridge.cpp --- Received custom message '10'
Debug --- StandardCollector.Bridge.cpp --- Received custom message '10'
Debug --- StandardCollector.Bridge.cpp --- Received custom message '10'
Debug --- StandardCollector.Bridge.cpp --- Received custom message '10'
Debug --- StandardCollector.Bridge.cpp --- Received custom message '10'
Debug --- StandardCollector.Bridge.cpp --- Received custom message '10'
Debug --- StandardCollector.Bridge.cpp --- Received custom message '10'
Debug --- StandardCollector.Bridge.cpp --- Received custom message '10'
Debug --- StandardCollector.Bridge.cpp --- Received custom message '10'
Debug --- StandardCollector.Bridge.cpp --- Received custom message '10'
Debug --- StandardCollector.Bridge.cpp --- Received custom message '10'
Debug --- StandardCollector.Bridge.cpp --- Received custom message '10'
Debug --- StandardCollector.Bridge.cpp --- Received custom message '10'
Debug --- StandardCollector.Bridge.cpp --- Received custom message '10'
Debug --- StandardCollector.Bridge.cpp --- Received custom message '10'
Debug --- StandardCollector.Bridge.cpp --- Received custom message '10'
Debug --- StandardCollector.Bridge.cpp --- Received custom message '10'
Debug --- StandardCollector.Bridge.cpp --- Received custom message '10'
Debug --- StandardCollector.Bridge.cpp --- Received custom message '10'
Debug --- StandardCollector.Bridge.cpp --- Received custom message '10'
Debug --- StandardCollector.Bridge.cpp --- Received custom message '10'
Debug --- StandardCollector.Bridge.cpp --- Received custom message '10'
Debug --- StandardCollector.Bridge.cpp --- Received custom message '10'
Debug --- StandardCollector.Bridge.cpp --- Received custom message '10'
Debug --- StandardCollector.Bridge.cpp --- Received custom message '10'
Debug --- StandardCollector.Bridge.cpp --- Received custom message '10'
Debug --- StandardCollector.Bridge.cpp --- Received custom message '10'
Debug --- StandardCollector.Bridge.cpp --- Received custom message '10'
Debug --- StandardCollector.Bridge.cpp --- Received custom message '10'
Debug --- StandardCollector.Bridge.cpp --- Received custom message '10'
Debug --- StandardCollector.Bridge.cpp --- Received custom message '10'
Debug --- StandardCollector.Bridge.cpp --- Received custom message '10'
Debug --- StandardCollector.Bridge.cpp --- Received custom message '10'
Debug --- StandardCollector.Bridge.cpp --- Received custom message '10'
Debug --- StandardCollector.Bridge.cpp --- Received custom message '10'
Debug --- StandardCollector.Bridge.cpp --- Received custom message '10'
Debug --- StandardCollector.Bridge.cpp --- Received custom message '10'
Debug --- StandardCollector.Bridge.cpp --- Received custom message '10'
Debug --- StandardCollector.Bridge.cpp --- Received custom message '10'
Debug --- StandardCollector.Bridge.cpp --- Received custom message '10'
Debug --- StandardCollector.Bridge.cpp --- Received custom message '10'
Debug --- StandardCollector.Bridge.cpp --- Received custom message '10'
Debug --- StandardCollector.Bridge.cpp --- Received custom message '10'
Debug --- StandardCollector.Bridge.cpp --- Received custom message '10'
Debug --- StandardCollector.Bridge.cpp --- Received custom message '10'
Debug --- StandardCollector.Bridge.cpp --- Received custom message '10'
Debug --- StandardCollector.Bridge.cpp --- Received custom message '10'
Debug --- StandardCollector.Bridge.cpp --- Received custom message '10'
Debug --- StandardCollector.Bridge.cpp --- Received custom message '10'
Debug --- StandardCollector.Bridge.cpp --- Received custom message '10'
Debug --- StandardCollector.Bridge.cpp --- Received custom message '10'
Debug --- StandardCollector.Bridge.cpp --- Received custom message '10'
Debug --- StandardCollector.Bridge.cpp --- Received custom message '10'
Debug --- StandardCollector.Bridge.cpp --- Received custom message '10'
Debug --- StandardCollector.Bridge.cpp --- Received custom message '10'
Debug --- StandardCollector.Bridge.cpp --- Received custom message '10'
Debug --- StandardCollector.Bridge.cpp --- Received custom message '10'
Debug --- StandardCollector.Bridge.cpp --- Received custom message '10'
Debug --- StandardCollector.Bridge.cpp --- Received custom message '10'
Debug --- StandardCollector.Bridge.cpp --- Received custom message '10'
Debug --- StandardCollector.Bridge.cpp --- Received custom message '10'
Debug --- StandardCollector.Bridge.cpp --- Received custom message '10'
Debug --- StandardCollector.Bridge.cpp --- Received custom message '10'
Debug --- StandardCollector.Bridge.cpp --- Received custom message '10'
Debug --- StandardCollector.Bridge.cpp --- Received custom message '10'
Debug --- StandardCollector.Bridge.cpp --- Received custom message '10'
Debug --- StandardCollector.Bridge.cpp --- Received custom message '10'
Debug --- StandardCollector.Bridge.cpp --- Received custom message '10'
Debug --- StandardCollector.Bridge.cpp --- Received custom message '10'
Debug --- StandardCollector.Bridge.cpp --- Received custom message '10'
Debug --- StandardCollector.Bridge.cpp --- Received custom message '10'
Debug --- StandardCollector.Bridge.cpp --- Received custom message '10'
Debug --- StandardCollector.Bridge.cpp --- Received custom message '10'
Debug --- StandardCollector.Bridge.cpp --- Received custom message '10'
Debug --- StandardCollector.Bridge.cpp --- Received custom message '10'
Debug --- StandardCollector.Bridge.cpp --- Received custom message '10'
Debug --- StandardCollector.Bridge.cpp --- Received custom message '10'
Debug --- StandardCollector.Bridge.cpp --- Received custom message '10'
Debug --- StandardCollector.Bridge.cpp --- Received custom message '10'
Debug --- StandardCollector.Bridge.cpp --- Received custom message '10'
Debug --- StandardCollector.Bridge.cpp --- Received custom message '10'
Debug --- StandardCollector.Bridge.cpp --- Received custom message '10'
Debug --- StandardCollector.Bridge.cpp --- Received custom message '10'
Debug --- StandardCollector.Bridge.cpp --- Received custom message '10'
Debug --- StandardCollector.Bridge.cpp --- Received custom message '10'
Debug --- StandardCollector.Bridge.cpp --- Received custom message '10'
Debug --- StandardCollector.Bridge.cpp --- Received custom message '10'
Debug --- StandardCollector.Bridge.cpp --- Received custom message '10'
Debug --- StandardCollector.Bridge.cpp --- Received custom message '10'
Debug --- StandardCollector.Bridge.cpp --- Received custom message '10'
Debug --- StandardCollector.Bridge.cpp --- Received custom message '10'
Debug --- StandardCollector.Bridge.cpp --- Received custom message '10'
Debug --- StandardCollector.Bridge.cpp --- Received custom message '10'
Debug --- StandardCollector.Bridge.cpp --- Received custom message '10'
Debug --- StandardCollector.Bridge.cpp --- Received custom message '10'
Debug --- StandardCollector.Bridge.cpp --- Received custom message '10'
Debug --- StandardCollector.Bridge.cpp --- Received custom message '10'
Debug --- StandardCollector.Bridge.cpp --- Received custom message '10'
Debug --- StandardCollector.Bridge.cpp --- Received custom message '10'
Debug --- StandardCollector.Bridge.cpp --- Received custom message '10'
Debug --- StandardCollector.Bridge.cpp --- Received custom message '10'
Debug --- StandardCollector.Bridge.cpp --- Received custom message '10'
Debug --- StandardCollector.Bridge.cpp --- Received custom message '10'
Debug --- StandardCollector.Bridge.cpp --- Received custom message '10'
Debug --- StandardCollector.Bridge.cpp --- Received custom message '10'
Debug --- StandardCollector.Bridge.cpp --- Received custom message '10'
Debug --- StandardCollector.Bridge.cpp --- Received custom message '10'
Debug --- StandardCollector.Bridge.cpp --- Received custom message '10'
Debug --- StandardCollector.Bridge.cpp --- Received custom message '10'
Debug --- StandardCollector.Bridge.cpp --- Received custom message '10'
Debug --- StandardCollector.Bridge.cpp --- Received custom message '10'
Debug --- StandardCollector.Bridge.cpp --- Received custom message '10'
Debug --- StandardCollector.Bridge.cpp --- Received custom message '10'
Debug --- StandardCollector.Bridge.cpp --- Received custom message '10'
Debug --- StandardCollector.Bridge.cpp --- Received custom message '10'
Debug --- StandardCollector.Bridge.cpp --- Received custom message '10'
Debug --- StandardCollector.Bridge.cpp --- Received custom message '10'
Debug --- StandardCollector.Bridge.cpp --- Received custom message '10'
Debug --- StandardCollector.Bridge.cpp --- Received custom message '10'
Debug --- StandardCollector.Bridge.cpp --- Received custom message '10'
Debug --- StandardCollector.Bridge.cpp --- Received custom message '10'
Debug --- StandardCollector.Bridge.cpp --- Received custom message '10'
Debug --- StandardCollector.Bridge.cpp --- Received custom message '10'
Debug --- StandardCollector.Bridge.cpp --- Received custom message '10'
Debug --- StandardCollector.Bridge.cpp --- Received custom message '10'
Debug --- StandardCollector.Bridge.cpp --- Received custom message '10'
Debug --- StandardCollector.Bridge.cpp --- Received custom message '10'
Debug --- StandardCollector.Bridge.cpp --- Received custom message '10'
Debug --- StandardCollector.Bridge.cpp --- Received custom message '10'
Debug --- StandardCollector.Bridge.cpp --- Received custom message '10'
Debug --- StandardCollector.Bridge.cpp --- Received custom message '10'
Debug --- StandardCollector.Bridge.cpp --- Received custom message '10'
Debug --- StandardCollector.Bridge.cpp --- Received custom message '10'
Debug --- StandardCollector.Bridge.cpp --- Received custom message '10'
Debug --- StandardCollector.Bridge.cpp --- Received custom message '10'
Debug --- StandardCollector.Bridge.cpp --- Received custom message '10'
Debug --- StandardCollector.Bridge.cpp --- Received custom message '10'
Debug --- StandardCollector.Bridge.cpp --- Received custom message '10'
Debug --- StandardCollector.Bridge.cpp --- Received custom message '10'
Debug --- StandardCollector.Bridge.cpp --- Received custom message '10'
Debug --- StandardCollector.Bridge.cpp --- Received custom message '10'
Debug --- StandardCollector.Bridge.cpp --- Received custom message '10'
Debug --- StandardCollector.Bridge.cpp --- Received custom message '10'
Debug --- StandardCollector.Bridge.cpp --- Received custom message '10'
Debug --- StandardCollector.Bridge.cpp --- Received custom message '10'
Debug --- StandardCollector.Bridge.cpp --- Received custom message '10'
Debug --- StandardCollector.Bridge.cpp --- Received custom message '10'
Debug --- StandardCollector.Bridge.cpp --- Received custom message '10'
Debug --- StandardCollector.Bridge.cpp --- Received custom message '10'
Debug --- StandardCollector.Bridge.cpp --- Received custom message '10'
Debug --- StandardCollector.Bridge.cpp --- Received custom message '10'
Debug --- StandardCollector.Bridge.cpp --- Received custom message '10'
Debug --- StandardCollector.Bridge.cpp --- Received custom message '10'
Debug --- StandardCollector.Bridge.cpp --- Received custom message '10'
Debug --- StandardCollector.Bridge.cpp --- Received custom message '10'
Debug --- StandardCollector.Bridge.cpp --- Received custom message '10'
Debug --- StandardCollector.Bridge.cpp --- Received custom message '10'
Debug --- StandardCollector.Bridge.cpp --- Received custom message '10'
Debug --- StandardCollector.Bridge.cpp --- Received custom message '10'
Debug --- StandardCollector.Bridge.cpp --- Received custom message '10'
Debug --- StandardCollector.Bridge.cpp --- Received custom message '10'
Debug --- StandardCollector.Bridge.cpp --- Received custom message '10'
Debug --- StandardCollector.Bridge.cpp --- Received custom message '10'
Debug --- StandardCollector.Bridge.cpp --- Received custom message '10'
Debug --- StandardCollector.Bridge.cpp --- Received custom message '10'
Debug --- StandardCollector.Bridge.cpp --- Received custom message '10'
Debug --- StandardCollector.Bridge.cpp --- Received custom message '10'
Debug --- StandardCollector.Bridge.cpp --- Received custom message '10'
Debug --- StandardCollector.Bridge.cpp --- Received custom message '10'
Debug --- StandardCollector.Bridge.cpp --- Received custom message '10'
Debug --- StandardCollector.Bridge.cpp --- Received custom message '10'
Debug --- StandardCollector.Bridge.cpp --- Received custom message '10'
Debug --- CollectionSession.cpp --- Enter break: Process ID: 19796, Event ID: 406608590766, Timestamp: 406608590766
Debug --- CollectionSession.cpp --- Exit break: Process ID: 19796, Enter Timestamp: 406608590766, Exit Timestamp: 406608598356
Info --- TargetProcessMonitor.cpp --- Targeted process (PID: 19796) has exited
Debug --- StandardCollector.Bridge.cpp --- Received custom message '11'
Debug --- StandardCollector.Bridge.cpp --- Received custom message '12'
Debug --- TargetProcessMonitor.cpp --- Unregistered process exit handler for process ID: 19796
Debug --- TargetProcessMonitor.cpp --- Session has no remaining target processes
Debug --- StandardCollector.Bridge.cpp --- Notifying client that there are no remaining target processes.
Debug --- StandardCollector.Bridge.cpp --- Received custom message '13'
Debug --- CollectionSession.cpp --- Requesting destroy on collection session '{A327C0DC-67A8-4140-9ED9-3DDA4E3486ED}'.
Debug --- CollectionSession.cpp --- Creating collection service for scenario '1' from location '1'
