============= Diagnostics Hub Log =============

Debug --- Diagnostics Hub Components Loader --- Component 113e964e-152f-45e7-b70e-1e5482802d0c (Microsoft.DiagnosticsHub.Diagnostics.OutputWindowLogger) has been loaded.
Debug --- Diagnostics Hub Components Loader --- Component 28b3f966-03cc-4632-ae04-0861ef17555a (Microsoft.DiagnosticsHub.Components.LazyCollectorFactory) has been loaded.
Debug --- Diagnostics Hub Components Loader --- Component 44d04ed9-f786-458c-93a9-7207a3cc52e1 (Microsoft.DiagnosticsHub.Components.LazyCollectorFactory) has been loaded.
Debug --- Diagnostics Hub Components Loader --- Component ffc29995-c8e0-4d53-b774-220efb144f99 (Microsoft.DiagnosticsHub.Components.LazyTargetProvider) has been loaded.
Debug --- Diagnostics Hub Components Loader --- Component 42d07b97-c049-403e-bd24-6c55fb096d1a (Microsoft.DiagnosticsHub.Components.LazyTargetProvider) has been loaded.
Debug --- Diagnostics Hub Components Loader --- Component 1dfe46af-4e30-42dd-92de-cdce07112b35 (Microsoft.DiagnosticsHub.Components.LazyTargetProvider) has been loaded.
Debug --- Diagnostics Hub Components Loader --- Component 283ff32f-bc50-467c-a318-ee7015338ac0 (Microsoft.DiagnosticsHub.Components.LazyTargetProvider) has been loaded.
Debug --- Diagnostics Hub Components Loader --- Component 0a53ef5d-728d-446b-b896-14fcde84ad06 (Microsoft.DiagnosticsHub.Components.LazyTargetProvider) has been loaded.
Debug --- Diagnostics Hub Components Loader --- Component b8202f68-c106-47e4-a154-c01594600475 (Microsoft.DiagnosticsHub.Components.LazyToolFactory) has been loaded.
Debug --- Diagnostics Hub Components Loader --- Component eaafe39e-cc4c-4ada-b14b-98fb9ad1a1a7 (Microsoft.DiagnosticsHub.Components.LazyToolFactory) has been loaded.
Debug --- Diagnostics Hub Components Loader --- Component db99fe6f-5272-4638-bf5c-c32fc1527b26 (Microsoft.DiagnosticsHub.Components.LazyToolFactory) has been loaded.
Debug --- Diagnostics Hub Components Loader --- Component 7f65b00f-b8e3-494d-a7b7-51f13cc2011a (Microsoft.DiagnosticsHub.Components.LazyToolFactory) has been loaded.
Debug --- Diagnostics Hub Components Loader --- Component 572daee0-945b-41d7-8d79-5cbf5a114372 (Microsoft.DiagnosticsHub.Components.LazyToolFactory) has been loaded.
Debug --- Diagnostics Hub Components Loader --- Component f1498e2f-1808-4e2a-8c86-b888a59d8446 (Microsoft.DiagnosticsHub.Components.LazyToolFactory) has been loaded.
Debug --- Diagnostics Hub Components Loader --- Component 4ec3701d-0b28-4ae9-8bc4-20e88ce94c81 (Microsoft.DiagnosticsHub.Components.LazyToolFactory) has been loaded.
Debug --- Diagnostics Hub Components Loader --- Component 87c20e3c-a84e-4f56-8bcb-a09a23bfe077 (Microsoft.DiagnosticsHub.Components.LazyToolFactory) has been loaded.
Info --- Diagnostics Hub Components Loader --- Component 8c825015-186a-42b4-a418-d5e08b330169 (Microsoft.DiagnosticsHub.Components.LazyToolFactory) is ignored by plug-in settings.
Debug --- Diagnostics Hub Components Loader --- Component 013914d7-d262-4da2-8fa4-ba8b4e328a1e (Microsoft.DiagnosticsHub.Components.LazyToolFactory) has been loaded.
Debug --- Diagnostics Hub Components Loader --- Component dbd5eb76-7ff8-4e5a-a9b8-21b007462c7f (Microsoft.DiagnosticsHub.Components.LazyToolFactory) has been loaded.
Debug --- Diagnostics Hub Components Loader --- Component 9829884e-2f58-4dd0-886e-3e0e2b7b8b84 (Microsoft.DiagnosticsHub.Components.LazyToolFactory) has been loaded.
Debug --- Diagnostics Hub Components Loader --- Component e339aae8-b798-4ba8-ba3f-7827bd6877c5 (Microsoft.DiagnosticsHub.Components.LazyToolFactory) has been loaded.
Debug --- Diagnostics Hub Components Loader --- Component 051c002f-2430-4d7a-a545-28294e888186 (Microsoft.DiagnosticsHub.Components.LazyToolFactory) has been loaded.
Debug --- Diagnostics Hub Components Loader --- Component 96dcf139-9a62-4adf-b9fa-7aec44c0b9cc (Microsoft.DiagnosticsHub.Components.LazyToolFactory) has been loaded.
Debug --- Diagnostics Hub Components Loader --- Component 96f1f3e8-f762-4cd2-8ed9-68ec25c2c722 (Microsoft.DiagnosticsHub.Components.LazyToolFactory) has been loaded.
Debug --- Diagnostics Hub Components Loader --- Component c039ef75-8558-4166-b8a9-b0fb01fff5cf (Microsoft.DiagnosticsHub.Components.LazyToolFactory) has been loaded.
Debug --- Diagnostics Hub Components Loader --- Plug-ins have been loaded.
Debug --- DiagnosticsHubPackage --- Visual Studio asks service 'Microsoft.DiagnosticsHub.VisualStudio.SDK.SVsDiagnosticsHubService'
Debug --- DiagnosticsHubPackage --- Creating service 'Microsoft.DiagnosticsHub.VisualStudio.SDK.SVsDiagnosticsHubService'.
Debug --- Service Microsoft.DiagnosticsHub.IDocumentsService implementation --- New document was created 'C:\Users\misha\AppData\Local\Temp\Report20200918-1732.diagsession'
Debug --- Session ('873f3c14-ffcc-4a8d-89a4-7a96d266ec44') --- Changing state from 'Unknown' to 'Created'.
Debug --- Document ('C:\Users\misha\AppData\Local\Temp\Report20200918-1732.diagsession') --- Changing document state from 'New' to ActiveSession.
Debug --- Session ('873f3c14-ffcc-4a8d-89a4-7a96d266ec44') --- State has been changed to 'Created'.
Debug --- SessionsService --- New session has been created for document 'C:\Users\misha\AppData\Local\Temp\Report20200918-1732.diagsession'
Debug --- SessionTargetsService --- New target added PerfDebuggerTarget.
Info --- Session ('873f3c14-ffcc-4a8d-89a4-7a96d266ec44') --- Initializing performance debugger session.
Debug --- Session ('873f3c14-ffcc-4a8d-89a4-7a96d266ec44') --- Changing state from 'Created' to 'InitializePerformanceDebugger'.
Debug --- Session ('873f3c14-ffcc-4a8d-89a4-7a96d266ec44') --- State has been changed to 'InitializePerformanceDebugger'.
Warning --- CpuToolTelemetry --- No Document PropertyBag found for document at path: C:\Users\misha\AppData\Local\Temp\Report20200918-1732.diagsession
Debug --- Session ('873f3c14-ffcc-4a8d-89a4-7a96d266ec44') --- Collectors count: 1
Debug --- StandardClientTransportConnection --- Connection protocol version: VS16Update7
Debug --- Session ('873f3c14-ffcc-4a8d-89a4-7a96d266ec44') --- Changing state from 'InitializePerformanceDebugger' to 'PerformanceDebuggerInitialized'.
Debug --- Session ('873f3c14-ffcc-4a8d-89a4-7a96d266ec44') --- State has been changed to 'PerformanceDebuggerInitialized'.
Debug --- ConcordModuleLoadListener --- Concord Module Load Listener is loaded.
Debug --- DataWarehouseServiceHubHost --- Initialized ServiceHub host 5342B3B45AE3F66FCBF5FC24BE1FA3EC
Info --- DataWarehouseServiceHubHost --- Updating resource limits. Disk: 20%, VM: 8192MB
Debug --- DiagnosticsHubPackage --- Visual Studio asks service 'Microsoft.DiagnosticsHub.VisualStudio.Collectors.CollectorService.SVsDiagnosticsHubClientEventHandler'
Debug --- DiagnosticsHubPackage --- Creating service 'Microsoft.DiagnosticsHub.VisualStudio.Collectors.CollectorService.SVsDiagnosticsHubClientEventHandler'.
Debug --- Session ('873f3c14-ffcc-4a8d-89a4-7a96d266ec44') --- Changing state from 'PerformanceDebuggerInitialized' to 'SetupTargets'.
Debug --- Session ('873f3c14-ffcc-4a8d-89a4-7a96d266ec44') --- State has been changed to 'SetupTargets'.
Debug --- Session ('873f3c14-ffcc-4a8d-89a4-7a96d266ec44') --- Changing state from 'SetupTargets' to 'CollectionStarting'.
Debug --- Session ('873f3c14-ffcc-4a8d-89a4-7a96d266ec44') --- State has been changed to 'CollectionStarting'.
Debug --- MonitoringDocumentViewModel --- Updating view for document state: ActiveSession
Debug --- MonitoringDocumentViewModel --- Updating view for session state: CollectionStarting
Debug --- MonitoringDocumentViewModel --- Done updating view for session state: CollectionStarting
Debug --- MonitoringDocumentViewModel --- Done updating view for document state: ActiveSession
Debug --- DataWarehouseServiceHubHost --- Request queued. Controller ID: DataWarehouse, Action ID: 1, Session ID: 873f3c14-ffcc-4a8d-89a4-7a96d266ec44, Content '{"analyzers":[{"type":2,"clsid":"dca8b3ef-28c5-4b08-bafc-b072f8aa9277","localDllPath":"C:\\Program Files (x86)\\Microsoft Visual Studio\\2019\\Community\\Common7\\IDE\\CommonExtensions\\Platform\\CPUSampling\\amd64\\DiagnosticsHub.CpuSamplingAnalyzer.dll","initialize":false},{"type":1,"clsid":"66edddf1-2277-40f3-983a-6ff57a433ecb","localDllPath":null,"initialize":false},{"type":1,"clsid":"66edddf1-2277-40f3-983a-6ff57a433ecb","localDllPath":null,"initialize":false},{"type":1,"clsid":"4694940b-046b-4885-9b7d-1fb0e8f2d54b","localDllPath":null,"initialize":false}],"dataSources":[],"symbolStorePath":"","symbolCachePath":"C:\\Users\\misha\\AppData\\Local\\Temp\\SymbolCache","clientCulture":1033,"isJmcEnabled":true,"symbolLocatorServiceFullPath":"C:\\Program Files (x86)\\Microsoft Visual Studio\\2019\\Community\\Common7\\IDE\\Remote Debugger\\x64\\symbollocator.dll","portablePdbLibraryFullPath":"C:\\Program Files (x86)\\Microsoft Visual Studio\\2019\\Community\\Common7\\IDE\\Remote Debugger\\x64\\Microsoft.DiaSymReader.PortablePdb.dll","sessionId":"873f3c14-ffcc-4a8d-89a4-7a96d266ec44"}'
Debug --- ConcordModuleLoadListener --- Processing modules for process. PID: '10480', Unique ID: '50117477-8f09-49cc-b1dd-612937867be9'.
Info --- DebuggerUserCodeService --- Setting JMC user state for module 'System.Private.CoreLib.dll' to False.
Info --- DebuggerUserCodeService --- Setting JMC user state for module 'System.Private.CoreLib.dll' to False.
Info --- DebuggerUserCodeService --- Setting JMC user state for module 'Collections.dll' to True.
Info --- DebuggerUserCodeService --- Setting JMC user state for module 'System.Runtime.dll' to False.
Info --- DebuggerUserCodeService --- Setting JMC user state for module 'System.Runtime.Extensions.dll' to False.
Info --- DebuggerUserCodeService --- Setting JMC user state for module 'System.Collections.dll' to False.
Info --- DebuggerUserCodeService --- Setting JMC user state for module 'System.Console.dll' to False.
Info --- DebuggerUserCodeService --- Setting JMC user state for module 'System.Threading.dll' to False.
Info --- DebuggerUserCodeService --- Setting JMC user state for module 'System.Text.Encoding.Extensions.dll' to False.
Debug --- DebuggerUserCodeServiceProxy --- Proxy found debugger user code service for process: 50117477-8f09-49cc-b1dd-612937867be9
Debug --- DataWarehouseServiceHubHost --- Request queued. Controller ID: DataWarehouse, Action ID: 2, Session ID: 873f3c14-ffcc-4a8d-89a4-7a96d266ec44, Content '{"sessionId":"873f3c14-ffcc-4a8d-89a4-7a96d266ec44"}'
Debug --- ConcordModuleLoadListener --- Notification about launched process. PID: '10480', Unique ID: '50117477-8f09-49cc-b1dd-612937867be9'.
Error --- ConcordModuleLoadListener --- Failed to find DKM process with PID '10480' and unique ID '50117477-8f09-49cc-b1dd-612937867be9'.
Debug --- DataWarehouseServiceHubHost --- Request queued. Controller ID: DataWarehouse, Action ID: 7, Session ID: 873f3c14-ffcc-4a8d-89a4-7a96d266ec44, Content '{"startTimeQpc":11786340191,"qpcFrequency":10000000,"beginTimeInFileTime":{"dwLowDateTime":-1908543647,"dwHighDateTime":30838216},"processId":10480,"processStartTimeQpc":11822617373,"isProcessPaused":true,"machineName":"MMM-PC","sessionId":"873f3c14-ffcc-4a8d-89a4-7a96d266ec44"}'
Debug --- DataWarehouseInstance --- Pushed new active collection: 849640c8-fc00-4ada-b49d-07b0eb2656c4
Debug --- Session ('873f3c14-ffcc-4a8d-89a4-7a96d266ec44') --- Changing state from 'CollectionStarting' to 'CollectionStarted'.
Debug --- DataWarehouseServiceHubHost --- Request queued. Controller ID: DataWarehouseContextService, Action ID: 1, Session ID: 873f3c14-ffcc-4a8d-89a4-7a96d266ec44, Content '{"data":{"timeDomain":null,"machineDomain":null,"processDomain":null,"threadDomain":null,"customDomain":null,"contextId":"00000000-0000-0000-0000-000000000000","sessionId":"00000000-0000-0000-0000-000000000000"},"sessionId":"873f3c14-ffcc-4a8d-89a4-7a96d266ec44"}'
Debug --- DataWarehouseServiceHubHost --- Request queued. Controller ID: DataWarehouseContextService, Action ID: 1, Session ID: 873f3c14-ffcc-4a8d-89a4-7a96d266ec44, Content '{"data":{"timeDomain":null,"machineDomain":null,"processDomain":null,"threadDomain":null,"customDomain":null,"contextId":"00000000-0000-0000-0000-000000000000","sessionId":"00000000-0000-0000-0000-000000000000"},"sessionId":"873f3c14-ffcc-4a8d-89a4-7a96d266ec44"}'
Debug --- DataWarehouseServiceHubHost --- Request queued. Controller ID: DataWarehouseContext, Action ID: 7, Session ID: 873f3c14-ffcc-4a8d-89a4-7a96d266ec44, Content '{"processId":10480,"contextId":"69c2fd20-6b46-4239-8b35-b56a14310dae","sessionId":"873f3c14-ffcc-4a8d-89a4-7a96d266ec44"}'
Debug --- DataWarehouseServiceHubHost --- Request queued. Controller ID: DataWarehouseContext, Action ID: 7, Session ID: 873f3c14-ffcc-4a8d-89a4-7a96d266ec44, Content '{"processId":10480,"contextId":"3f26f141-2c38-4f97-af47-d8716bdd2b2c","sessionId":"873f3c14-ffcc-4a8d-89a4-7a96d266ec44"}'
Debug --- DataWarehouseInstance --- Sending graph update 1 (size: 14) to Data Warehouse
Debug --- DataWarehouseServiceHubHost --- Request queued. Controller ID: DataWarehouseActiveCollection, Action ID: 2, Session ID: 873f3c14-ffcc-4a8d-89a4-7a96d266ec44, Content '{"byteArray":"DgN8nMXCAgAAAAAAAAA=","byteArrayLen":14,"id":1,"activeCollectionId":"849640c8-fc00-4ada-b49d-07b0eb2656c4","sessionId":"873f3c14-ffcc-4a8d-89a4-7a96d266ec44"}'
Debug --- DataWarehouseServiceHubHost --- Request queued. Controller ID: DataWarehouse, Action ID: 3, Session ID: 873f3c14-ffcc-4a8d-89a4-7a96d266ec44, Content '{"contextId":"69c2fd20-6b46-4239-8b35-b56a14310dae","analyzerId":"4694940b-046b-4885-9b7d-1fb0e8f2d54b","filter":null,"sessionId":"873f3c14-ffcc-4a8d-89a4-7a96d266ec44"}'
Debug --- DataWarehouseServiceHubHost --- Request queued. Controller ID: DataWarehouse, Action ID: 3, Session ID: 873f3c14-ffcc-4a8d-89a4-7a96d266ec44, Content '{"contextId":"3f26f141-2c38-4f97-af47-d8716bdd2b2c","analyzerId":"4694940b-046b-4885-9b7d-1fb0e8f2d54b","filter":null,"sessionId":"873f3c14-ffcc-4a8d-89a4-7a96d266ec44"}'
Debug --- CollectionDataCountersService --- Graph update response: Latest collection time: 0 Current collection time: 0
Debug --- DataWarehouseInstance --- Result ID (-2147483646) received for Session ID: 873f3c14-ffcc-4a8d-89a4-7a96d266ec44
Debug --- DataWarehouseInstance --- Result ID (-2147483647) received for Session ID: 873f3c14-ffcc-4a8d-89a4-7a96d266ec44
Debug --- DataWarehouseInstance --- Sending graph update 2 (size: 14) to Data Warehouse
Debug --- DataWarehouseServiceHubHost --- Request queued. Controller ID: DataWarehouseActiveCollection, Action ID: 2, Session ID: 873f3c14-ffcc-4a8d-89a4-7a96d266ec44, Content '{"byteArray":"DgOAdhTDAgAAAAAAAAA=","byteArrayLen":14,"id":2,"activeCollectionId":"849640c8-fc00-4ada-b49d-07b0eb2656c4","sessionId":"873f3c14-ffcc-4a8d-89a4-7a96d266ec44"}'
Debug --- CollectionDataCountersService --- Graph update response: Latest collection time: 0 Current collection time: 0
Debug --- DataWarehouseInstance --- Sending graph update 3 (size: 14) to Data Warehouse
Debug --- DataWarehouseServiceHubHost --- Request queued. Controller ID: DataWarehouseActiveCollection, Action ID: 2, Session ID: 873f3c14-ffcc-4a8d-89a4-7a96d266ec44, Content '{"byteArray":"DgPJyjPDAgAAAAAAAAA=","byteArrayLen":14,"id":3,"activeCollectionId":"849640c8-fc00-4ada-b49d-07b0eb2656c4","sessionId":"873f3c14-ffcc-4a8d-89a4-7a96d266ec44"}'
Debug --- CollectionDataCountersService --- Graph update response: Latest collection time: 0 Current collection time: 0
Debug --- Service Microsoft.DiagnosticsHub.IDocumentsService implementation --- New document was created 'C:\Users\misha\AppData\Local\Temp\Report20200918-1732 (2).diagsession'
Debug --- MonitoringDocumentViewModel --- Updating view for document state: New
Debug --- DataWarehouseInstance --- Sending graph update 4 (size: 14) to Data Warehouse
Debug --- DataWarehouseServiceHubHost --- Request queued. Controller ID: DataWarehouseActiveCollection, Action ID: 2, Session ID: 873f3c14-ffcc-4a8d-89a4-7a96d266ec44, Content '{"byteArray":"DgM6DlPDAgAAAAAAAAA=","byteArrayLen":14,"id":4,"activeCollectionId":"849640c8-fc00-4ada-b49d-07b0eb2656c4","sessionId":"873f3c14-ffcc-4a8d-89a4-7a96d266ec44"}'
Debug --- CollectionDataCountersService --- Graph update response: Latest collection time: 0 Current collection time: 0
Debug --- ApplicationPathService --- Hub application path is 'c:\program files (x86)\microsoft visual studio\2019\community\common7\ide\commonextensions\platform\diagnosticshub'
Debug --- Scripted Control (PerformanceDebuggerSwimLanesView.manifest.json) --- Initializing the ScriptedControl with manifest file 'c:\program files (x86)\microsoft visual studio\2019\community\common7\ide\commonextensions\platform\diagnosticshub\WebViews\PerformanceDebuggerSwimLanesView.manifest.json'. Base directory 'c:\program files (x86)\microsoft visual studio\2019\community\common7\ide'. Subdomain 'ff803e8e-5a53-4c92-b1a7-490f5a97ee9a
Debug --- Scripted Control (PerformanceDebuggerSwimLanesView.manifest.json) --- Menu command service is provided for manifest 'c:\program files (x86)\microsoft visual studio\2019\community\common7\ide\commonextensions\platform\diagnosticshub\WebViews\PerformanceDebuggerSwimLanesView.manifest.json'.
Debug --- DataWarehouseInstance --- Sending graph update 5 (size: 14) to Data Warehouse
Debug --- DataWarehouseServiceHubHost --- Request queued. Controller ID: DataWarehouseActiveCollection, Action ID: 2, Session ID: 873f3c14-ffcc-4a8d-89a4-7a96d266ec44, Content '{"byteArray":"DgNysXPDAgAAAAAAAAA=","byteArrayLen":14,"id":5,"activeCollectionId":"849640c8-fc00-4ada-b49d-07b0eb2656c4","sessionId":"873f3c14-ffcc-4a8d-89a4-7a96d266ec44"}'
Debug --- CollectionDataCountersService --- Graph update response: Latest collection time: 0 Current collection time: 0
Debug --- DataWarehouseInstance --- Sending graph update 6 (size: 14) to Data Warehouse
Debug --- DataWarehouseServiceHubHost --- Request queued. Controller ID: DataWarehouseActiveCollection, Action ID: 2, Session ID: 873f3c14-ffcc-4a8d-89a4-7a96d266ec44, Content '{"byteArray":"DgNv5ZLDAgAAAAAAAAA=","byteArrayLen":14,"id":6,"activeCollectionId":"849640c8-fc00-4ada-b49d-07b0eb2656c4","sessionId":"873f3c14-ffcc-4a8d-89a4-7a96d266ec44"}'
Debug --- CollectionDataCountersService --- Graph update response: Latest collection time: 0 Current collection time: 0
Debug --- Scripted Control (PerformanceDebuggerSwimLanesView.manifest.json) --- Creating UIElement for c:\program files (x86)\microsoft visual studio\2019\community\common7\ide\commonextensions\platform\diagnosticshub\WebViews\PerformanceDebuggerSwimLanesView.manifest.json.
Debug --- MonitoringDocumentViewModel --- Done updating view for document state: New
Debug --- PerformanceDebuggerSessionManager --- Aborting PerformanceDebugger session with state 'CollectionStarted'
Debug --- DataWarehouseInstance --- Sending graph update 7 (size: 14) to Data Warehouse
Debug --- DataWarehouseServiceHubHost --- Request queued. Controller ID: DataWarehouseActiveCollection, Action ID: 2, Session ID: 873f3c14-ffcc-4a8d-89a4-7a96d266ec44, Content '{"byteArray":"DgOQG7LDAgAAAAAAAAA=","byteArrayLen":14,"id":7,"activeCollectionId":"849640c8-fc00-4ada-b49d-07b0eb2656c4","sessionId":"873f3c14-ffcc-4a8d-89a4-7a96d266ec44"}'
Debug --- CollectionDataCountersService --- Graph update response: Latest collection time: 0 Current collection time: 0
Debug --- MonitoringDocumentViewModel --- Updating view for session state: CollectionStarted
Debug --- DataWarehouseInstance --- Sending graph update 8 (size: 14) to Data Warehouse
Debug --- DataWarehouseServiceHubHost --- Request queued. Controller ID: DataWarehouseActiveCollection, Action ID: 2, Session ID: 873f3c14-ffcc-4a8d-89a4-7a96d266ec44, Content '{"byteArray":"DgPvc9HDAgAAAAAAAAA=","byteArrayLen":14,"id":8,"activeCollectionId":"849640c8-fc00-4ada-b49d-07b0eb2656c4","sessionId":"873f3c14-ffcc-4a8d-89a4-7a96d266ec44"}'
Debug --- CollectionDataCountersService --- Graph update response: Latest collection time: 0 Current collection time: 0
Debug --- CollectionResultUpdateService --- Flush service: Start
Warning --- MonitoringDocumentViewModel --- Not activating current view model because we are disposed
Debug --- MonitoringDocumentViewModel --- Done updating view for session state: CollectionStarted
Debug --- Session ('873f3c14-ffcc-4a8d-89a4-7a96d266ec44') --- State has been changed to 'CollectionStarted'.
Debug --- Session ('873f3c14-ffcc-4a8d-89a4-7a96d266ec44') --- Changing state from 'CollectionStarted' to 'CollectionTerminating'.
Debug --- Session ('873f3c14-ffcc-4a8d-89a4-7a96d266ec44') --- State has been changed to 'CollectionTerminating'.
Debug --- DataWarehouseServiceHubHost --- Request queued. Controller ID: DataWarehouse, Action ID: 8, Session ID: 873f3c14-ffcc-4a8d-89a4-7a96d266ec44, Content '{"activeCollectionId":"849640c8-fc00-4ada-b49d-07b0eb2656c4","sessionId":"873f3c14-ffcc-4a8d-89a4-7a96d266ec44"}'
Debug --- Session ('873f3c14-ffcc-4a8d-89a4-7a96d266ec44') --- Changing state from 'CollectionTerminating' to 'CollectionTerminated'.
Debug --- Document ('C:\Users\misha\AppData\Local\Temp\Report20200918-1732.diagsession') --- Changing document state from 'ActiveSession' to Failed.
Debug --- SessionsService --- Closing session for document C:\Users\misha\AppData\Local\Temp\Report20200918-1732.diagsession
Debug --- DataWarehouseServiceHubHost --- Request queued. Controller ID: DataWarehouse, Action ID: 400, Session ID: 873f3c14-ffcc-4a8d-89a4-7a96d266ec44, Content '{"sessionId":"873f3c14-ffcc-4a8d-89a4-7a96d266ec44"}'
Debug --- CollectionResultUpdateService --- Collection Result Update Service: Stop
Debug --- CollectionResultUpdateService --- Flush service: Stop
Debug --- SessionsService --- Session for document C:\Users\misha\AppData\Local\Temp\Report20200918-1732.diagsession was closed
Debug --- Session ('873f3c14-ffcc-4a8d-89a4-7a96d266ec44') --- State has been changed to 'CollectionTerminated'.
Debug --- Service Microsoft.DiagnosticsHub.IDocumentsService implementation --- Closing document 'C:\Users\misha\AppData\Local\Temp\Report20200918-1732.diagsession'
Debug --- Service Microsoft.DiagnosticsHub.IDocumentsService implementation --- Temporary file C:\Users\misha\AppData\Local\Temp\Report20200918-1732.diagsession successfully deleted.
Debug --- Document ('C:\Users\misha\AppData\Local\Temp\Report20200918-1732.diagsession') --- Current implementation of data warehouse by default deletes all data sources.
Debug --- DataWarehouseServiceHubHost --- Request queued. Controller ID: DataWarehouse, Action ID: 5, Session ID: 873f3c14-ffcc-4a8d-89a4-7a96d266ec44, Content '{"resultId":-2147483646,"sessionId":"873f3c14-ffcc-4a8d-89a4-7a96d266ec44"}'
Debug --- Scripted Control (PerformanceDebuggerSwimLanesView.manifest.json) --- Publishing the object with name 'Microsoft.DiagnosticsHub.VisualStudio.Presentation.JavaScriptModels.PerformanceDebuggerToolsServiceMarshaler' and type 'Microsoft.DiagnosticsHub.VisualStudio.Presentation.JavaScriptModels.PerformanceDebuggerToolsServiceMarshaler'. ScriptedControl with manifest 'c:\program files (x86)\microsoft visual studio\2019\community\common7\ide\commonextensions\platform\diagnosticshub\WebViews\PerformanceDebuggerSwimLanesView.manifest.json'.
Debug --- Scripted Control (PerformanceDebuggerSwimLanesView.manifest.json) --- The object with name 'Microsoft.DiagnosticsHub.VisualStudio.Presentation.JavaScriptModels.PerformanceDebuggerToolsServiceMarshaler' and type 'Microsoft.DiagnosticsHub.VisualStudio.Presentation.JavaScriptModels.PerformanceDebuggerToolsServiceMarshaler' has been published. ScriptedControl with manifest 'c:\program files (x86)\microsoft visual studio\2019\community\common7\ide\commonextensions\platform\diagnosticshub\WebViews\PerformanceDebuggerSwimLanesView.manifest.json'.
Debug --- Scripted Control (PerformanceDebuggerSwimLanesView.manifest.json) --- Publishing the object with name 'Microsoft.DiagnosticsHub.VisualStudio.Presentation.JavaScriptModels.SwimLanesViewMarshaler' and type 'Microsoft.DiagnosticsHub.VisualStudio.Presentation.JavaScriptModels.SwimLanesViewMarshaler'. ScriptedControl with manifest 'c:\program files (x86)\microsoft visual studio\2019\community\common7\ide\commonextensions\platform\diagnosticshub\WebViews\PerformanceDebuggerSwimLanesView.manifest.json'.
Debug --- Scripted Control (PerformanceDebuggerSwimLanesView.manifest.json) --- The object with name 'Microsoft.DiagnosticsHub.VisualStudio.Presentation.JavaScriptModels.SwimLanesViewMarshaler' and type 'Microsoft.DiagnosticsHub.VisualStudio.Presentation.JavaScriptModels.SwimLanesViewMarshaler' has been published. ScriptedControl with manifest 'c:\program files (x86)\microsoft visual studio\2019\community\common7\ide\commonextensions\platform\diagnosticshub\WebViews\PerformanceDebuggerSwimLanesView.manifest.json'.
Debug --- Scripted Control (PerformanceDebuggerSwimLanesView.manifest.json) --- Publishing the object with name 'Microsoft.DiagnosticsHub.VisualStudio.Presentation.JavaScriptModels.PerformanceDebuggerStateMarshaler' and type 'Microsoft.DiagnosticsHub.VisualStudio.Presentation.JavaScriptModels.PerformanceDebuggerStateMarshaler'. ScriptedControl with manifest 'c:\program files (x86)\microsoft visual studio\2019\community\common7\ide\commonextensions\platform\diagnosticshub\WebViews\PerformanceDebuggerSwimLanesView.manifest.json'.
Debug --- Scripted Control (PerformanceDebuggerSwimLanesView.manifest.json) --- The object with name 'Microsoft.DiagnosticsHub.VisualStudio.Presentation.JavaScriptModels.PerformanceDebuggerStateMarshaler' and type 'Microsoft.DiagnosticsHub.VisualStudio.Presentation.JavaScriptModels.PerformanceDebuggerStateMarshaler' has been published. ScriptedControl with manifest 'c:\program files (x86)\microsoft visual studio\2019\community\common7\ide\commonextensions\platform\diagnosticshub\WebViews\PerformanceDebuggerSwimLanesView.manifest.json'.
Debug --- Scripted Control (PerformanceDebuggerSwimLanesView.manifest.json) --- Publishing the object with name 'Microsoft.DiagnosticsHub.VisualStudio.Presentation.JavaScriptModels.LoggerPortMarshaler' and type 'Microsoft.DiagnosticsHub.VisualStudio.Presentation.JavaScriptModels.LoggerPortMarshaler'. ScriptedControl with manifest 'c:\program files (x86)\microsoft visual studio\2019\community\common7\ide\commonextensions\platform\diagnosticshub\WebViews\PerformanceDebuggerSwimLanesView.manifest.json'.
Debug --- Scripted Control (PerformanceDebuggerSwimLanesView.manifest.json) --- The object with name 'Microsoft.DiagnosticsHub.VisualStudio.Presentation.JavaScriptModels.LoggerPortMarshaler' and type 'Microsoft.DiagnosticsHub.VisualStudio.Presentation.JavaScriptModels.LoggerPortMarshaler' has been published. ScriptedControl with manifest 'c:\program files (x86)\microsoft visual studio\2019\community\common7\ide\commonextensions\platform\diagnosticshub\WebViews\PerformanceDebuggerSwimLanesView.manifest.json'.
Debug --- Scripted Control (PerformanceDebuggerSwimLanesView.manifest.json) --- Publishing the object with name 'Microsoft.DiagnosticsHub.VisualStudio.Presentation.JavaScriptModels.EventAggregatorMarshaler' and type 'Microsoft.DiagnosticsHub.VisualStudio.Presentation.JavaScriptModels.EventAggregatorMarshaler'. ScriptedControl with manifest 'c:\program files (x86)\microsoft visual studio\2019\community\common7\ide\commonextensions\platform\diagnosticshub\WebViews\PerformanceDebuggerSwimLanesView.manifest.json'.
Debug --- Scripted Control (PerformanceDebuggerSwimLanesView.manifest.json) --- The object with name 'Microsoft.DiagnosticsHub.VisualStudio.Presentation.JavaScriptModels.EventAggregatorMarshaler' and type 'Microsoft.DiagnosticsHub.VisualStudio.Presentation.JavaScriptModels.EventAggregatorMarshaler' has been published. ScriptedControl with manifest 'c:\program files (x86)\microsoft visual studio\2019\community\common7\ide\commonextensions\platform\diagnosticshub\WebViews\PerformanceDebuggerSwimLanesView.manifest.json'.
Debug --- Scripted Control (PerformanceDebuggerSwimLanesView.manifest.json) --- Publishing the object with name 'Microsoft.DiagnosticsHub.VisualStudio.Presentation.JavaScriptModels.OutputWindowServiceMarshaler' and type 'Microsoft.DiagnosticsHub.VisualStudio.Presentation.JavaScriptModels.OutputWindowServiceMarshaler'. ScriptedControl with manifest 'c:\program files (x86)\microsoft visual studio\2019\community\common7\ide\commonextensions\platform\diagnosticshub\WebViews\PerformanceDebuggerSwimLanesView.manifest.json'.
Debug --- Scripted Control (PerformanceDebuggerSwimLanesView.manifest.json) --- The object with name 'Microsoft.DiagnosticsHub.VisualStudio.Presentation.JavaScriptModels.OutputWindowServiceMarshaler' and type 'Microsoft.DiagnosticsHub.VisualStudio.Presentation.JavaScriptModels.OutputWindowServiceMarshaler' has been published. ScriptedControl with manifest 'c:\program files (x86)\microsoft visual studio\2019\community\common7\ide\commonextensions\platform\diagnosticshub\WebViews\PerformanceDebuggerSwimLanesView.manifest.json'.
Debug --- Scripted Control (PerformanceDebuggerSwimLanesView.manifest.json) --- Publishing the object with name 'Microsoft.DiagnosticsHub.VisualStudio.Presentation.JavaScriptModels.SwimlaneDataServiceMarshaler' and type 'Microsoft.DiagnosticsHub.VisualStudio.Presentation.JavaScriptModels.SwimlaneDataServiceMarshaler'. ScriptedControl with manifest 'c:\program files (x86)\microsoft visual studio\2019\community\common7\ide\commonextensions\platform\diagnosticshub\WebViews\PerformanceDebuggerSwimLanesView.manifest.json'.
Debug --- Scripted Control (PerformanceDebuggerSwimLanesView.manifest.json) --- The object with name 'Microsoft.DiagnosticsHub.VisualStudio.Presentation.JavaScriptModels.SwimlaneDataServiceMarshaler' and type 'Microsoft.DiagnosticsHub.VisualStudio.Presentation.JavaScriptModels.SwimlaneDataServiceMarshaler' has been published. ScriptedControl with manifest 'c:\program files (x86)\microsoft visual studio\2019\community\common7\ide\commonextensions\platform\diagnosticshub\WebViews\PerformanceDebuggerSwimLanesView.manifest.json'.
Debug --- Scripted Control (PerformanceDebuggerSwimLanesView.manifest.json) --- Publishing the object with name 'Microsoft.DiagnosticsHub.VisualStudio.Presentation.JavaScriptModels.DataWarehouseServiceMarshaler' and type 'Microsoft.DiagnosticsHub.VisualStudio.Presentation.JavaScriptModels.DataWarehouseServiceMarshaler'. ScriptedControl with manifest 'c:\program files (x86)\microsoft visual studio\2019\community\common7\ide\commonextensions\platform\diagnosticshub\WebViews\PerformanceDebuggerSwimLanesView.manifest.json'.
Debug --- Scripted Control (PerformanceDebuggerSwimLanesView.manifest.json) --- The object with name 'Microsoft.DiagnosticsHub.VisualStudio.Presentation.JavaScriptModels.DataWarehouseServiceMarshaler' and type 'Microsoft.DiagnosticsHub.VisualStudio.Presentation.JavaScriptModels.DataWarehouseServiceMarshaler' has been published. ScriptedControl with manifest 'c:\program files (x86)\microsoft visual studio\2019\community\common7\ide\commonextensions\platform\diagnosticshub\WebViews\PerformanceDebuggerSwimLanesView.manifest.json'.
Debug --- Scripted Control (PerformanceDebuggerSwimLanesView.manifest.json) --- Publishing the object with name 'Microsoft.DiagnosticsHub.VisualStudio.Presentation.JavaScriptModels.SwimLaneViewStateServiceMarshaler' and type 'Microsoft.DiagnosticsHub.VisualStudio.Presentation.JavaScriptModels.SwimLaneViewStateServiceMarshaler'. ScriptedControl with manifest 'c:\program files (x86)\microsoft visual studio\2019\community\common7\ide\commonextensions\platform\diagnosticshub\WebViews\PerformanceDebuggerSwimLanesView.manifest.json'.
Debug --- Scripted Control (PerformanceDebuggerSwimLanesView.manifest.json) --- The object with name 'Microsoft.DiagnosticsHub.VisualStudio.Presentation.JavaScriptModels.SwimLaneViewStateServiceMarshaler' and type 'Microsoft.DiagnosticsHub.VisualStudio.Presentation.JavaScriptModels.SwimLaneViewStateServiceMarshaler' has been published. ScriptedControl with manifest 'c:\program files (x86)\microsoft visual studio\2019\community\common7\ide\commonextensions\platform\diagnosticshub\WebViews\PerformanceDebuggerSwimLanesView.manifest.json'.
Debug --- Scripted Control (PerformanceDebuggerSwimLanesView.manifest.json) --- Publishing the object with name 'Microsoft.DiagnosticsHub.VisualStudio.Presentation.JavaScriptModels.VisualStudioServiceMarshaler' and type 'Microsoft.DiagnosticsHub.VisualStudio.Presentation.JavaScriptModels.VisualStudioServiceMarshaler'. ScriptedControl with manifest 'c:\program files (x86)\microsoft visual studio\2019\community\common7\ide\commonextensions\platform\diagnosticshub\WebViews\PerformanceDebuggerSwimLanesView.manifest.json'.
Debug --- Scripted Control (PerformanceDebuggerSwimLanesView.manifest.json) --- The object with name 'Microsoft.DiagnosticsHub.VisualStudio.Presentation.JavaScriptModels.VisualStudioServiceMarshaler' and type 'Microsoft.DiagnosticsHub.VisualStudio.Presentation.JavaScriptModels.VisualStudioServiceMarshaler' has been published. ScriptedControl with manifest 'c:\program files (x86)\microsoft visual studio\2019\community\common7\ide\commonextensions\platform\diagnosticshub\WebViews\PerformanceDebuggerSwimLanesView.manifest.json'.
Debug --- Scripted Control (PerformanceDebuggerSwimLanesView.manifest.json) --- Publishing the object with name 'Microsoft.DiagnosticsHub.VisualStudio.Presentation.JavaScriptModels.DocumentPortMarshaler' and type 'Microsoft.DiagnosticsHub.VisualStudio.Presentation.JavaScriptModels.DocumentPortMarshaler'. ScriptedControl with manifest 'c:\program files (x86)\microsoft visual studio\2019\community\common7\ide\commonextensions\platform\diagnosticshub\WebViews\PerformanceDebuggerSwimLanesView.manifest.json'.
Debug --- Scripted Control (PerformanceDebuggerSwimLanesView.manifest.json) --- The object with name 'Microsoft.DiagnosticsHub.VisualStudio.Presentation.JavaScriptModels.DocumentPortMarshaler' and type 'Microsoft.DiagnosticsHub.VisualStudio.Presentation.JavaScriptModels.DocumentPortMarshaler' has been published. ScriptedControl with manifest 'c:\program files (x86)\microsoft visual studio\2019\community\common7\ide\commonextensions\platform\diagnosticshub\WebViews\PerformanceDebuggerSwimLanesView.manifest.json'.
Debug --- Scripted Control (PerformanceDebuggerSwimLanesView.manifest.json) --- Publishing the object with name 'Microsoft.DiagnosticsHub.VisualStudio.Presentation.JavaScriptModels.TelemetryDocumentServiceMarshaler' and type 'Microsoft.DiagnosticsHub.VisualStudio.Presentation.JavaScriptModels.TelemetryDocumentServiceMarshaler'. ScriptedControl with manifest 'c:\program files (x86)\microsoft visual studio\2019\community\common7\ide\commonextensions\platform\diagnosticshub\WebViews\PerformanceDebuggerSwimLanesView.manifest.json'.
Debug --- Scripted Control (PerformanceDebuggerSwimLanesView.manifest.json) --- The object with name 'Microsoft.DiagnosticsHub.VisualStudio.Presentation.JavaScriptModels.TelemetryDocumentServiceMarshaler' and type 'Microsoft.DiagnosticsHub.VisualStudio.Presentation.JavaScriptModels.TelemetryDocumentServiceMarshaler' has been published. ScriptedControl with manifest 'c:\program files (x86)\microsoft visual studio\2019\community\common7\ide\commonextensions\platform\diagnosticshub\WebViews\PerformanceDebuggerSwimLanesView.manifest.json'.
Debug --- Scripted Control (PerformanceDebuggerSwimLanesView.manifest.json) --- Publishing the object with name 'Microsoft.DiagnosticsHub.VisualStudio.Presentation.JavaScriptModels.TelemetryGlobalServiceMarshaler' and type 'Microsoft.DiagnosticsHub.VisualStudio.Presentation.JavaScriptModels.TelemetryGlobalServiceMarshaler'. ScriptedControl with manifest 'c:\program files (x86)\microsoft visual studio\2019\community\common7\ide\commonextensions\platform\diagnosticshub\WebViews\PerformanceDebuggerSwimLanesView.manifest.json'.
Debug --- Scripted Control (PerformanceDebuggerSwimLanesView.manifest.json) --- The object with name 'Microsoft.DiagnosticsHub.VisualStudio.Presentation.JavaScriptModels.TelemetryGlobalServiceMarshaler' and type 'Microsoft.DiagnosticsHub.VisualStudio.Presentation.JavaScriptModels.TelemetryGlobalServiceMarshaler' has been published. ScriptedControl with manifest 'c:\program files (x86)\microsoft visual studio\2019\community\common7\ide\commonextensions\platform\diagnosticshub\WebViews\PerformanceDebuggerSwimLanesView.manifest.json'.
Debug --- Scripted Control (PerformanceDebuggerSwimLanesView.manifest.json) --- Publishing the object with name 'Microsoft.DiagnosticsHub.VisualStudio.Presentation.JavaScriptModels.DetailsViewNavigationMarshaler' and type 'Microsoft.DiagnosticsHub.VisualStudio.Presentation.JavaScriptModels.DetailsViewNavigationMarshaler'. ScriptedControl with manifest 'c:\program files (x86)\microsoft visual studio\2019\community\common7\ide\commonextensions\platform\diagnosticshub\WebViews\PerformanceDebuggerSwimLanesView.manifest.json'.
Debug --- Scripted Control (PerformanceDebuggerSwimLanesView.manifest.json) --- The object with name 'Microsoft.DiagnosticsHub.VisualStudio.Presentation.JavaScriptModels.DetailsViewNavigationMarshaler' and type 'Microsoft.DiagnosticsHub.VisualStudio.Presentation.JavaScriptModels.DetailsViewNavigationMarshaler' has been published. ScriptedControl with manifest 'c:\program files (x86)\microsoft visual studio\2019\community\common7\ide\commonextensions\platform\diagnosticshub\WebViews\PerformanceDebuggerSwimLanesView.manifest.json'.
Debug --- Scripted Control (PerformanceDebuggerSwimLanesView.manifest.json) --- EventAggregator:: Raising event type Microsoft.DiagnosticsHub.SwimlaneResizeHeight with data {"MinValue":27,"MaxValue":27,"Value":27}.
Debug --- Scripted Control (PerformanceDebuggerSwimLanesView.manifest.json) --- EventAggregator:: Raising event type Microsoft.DiagnosticsHub.RendererReadyEvent with data null.
Debug --- HubEventManager --- Event 'Microsoft.DiagnosticsHub.SwimlaneResizeHeight' raised to broadcast
Debug --- HubEventManager --- Event 'Microsoft.DiagnosticsHub.RendererReadyEvent' raised to broadcast
Debug --- Scripted Control (PerformanceDebuggerSwimLanesView.manifest.json) --- EventAggregator:: Handling event type Microsoft.DiagnosticsHub.SwimlaneResizeHeight.
Debug --- Scripted Control (PerformanceDebuggerSwimLanesView.manifest.json) --- EventAggregator:: Raise handler for event type Microsoft.DiagnosticsHub.SwimlaneResizeHeight with data {"MinValue":27,"MaxValue":27,"Value":27}.
Debug --- Scripted Control (PerformanceDebuggerSwimLanesView.manifest.json) --- EventAggregator:: Handling event type Microsoft.DiagnosticsHub.RendererReadyEvent.
Debug --- Scripted Control (PerformanceDebuggerSwimLanesView.manifest.json) --- EventAggregator:: Raise handler for event type Microsoft.DiagnosticsHub.RendererReadyEvent with data null.
Debug --- Scripted Control (PerformanceDebuggerSwimLanesView.manifest.json) --- EventAggregator:: Raising event type Microsoft.DiagnosticsHub.SwimlaneResizeHeight with data {"MinValue":27,"MaxValue":177,"Value":177}.
Debug --- HubEventManager --- Event 'Microsoft.DiagnosticsHub.SwimlaneResizeHeight' raised to broadcast
Debug --- Scripted Control (PerformanceDebuggerSwimLanesView.manifest.json) --- EventAggregator:: Handling event type Microsoft.DiagnosticsHub.SwimlaneResizeHeight.
Debug --- Scripted Control (PerformanceDebuggerSwimLanesView.manifest.json) --- EventAggregator:: Raise handler for event type Microsoft.DiagnosticsHub.SwimlaneResizeHeight with data {"MinValue":27,"MaxValue":177,"Value":177}.
Debug --- Session ('ff803e8e-5a53-4c92-b1a7-490f5a97ee9a') --- Changing state from 'Unknown' to 'Created'.
Debug --- Document ('C:\Users\misha\AppData\Local\Temp\Report20200918-1732 (2).diagsession') --- Changing document state from 'New' to ActiveSession.
Debug --- MonitoringDocumentViewModel --- Updating view for document state: ActiveSession
Debug --- MonitoringDocumentViewModel --- Updating view for session state: Created
Debug --- MonitoringDocumentViewModel --- Done updating view for session state: Created
Debug --- MonitoringDocumentViewModel --- Done updating view for document state: ActiveSession
Debug --- Session ('ff803e8e-5a53-4c92-b1a7-490f5a97ee9a') --- State has been changed to 'Created'.
Debug --- SessionsService --- New session has been created for document 'C:\Users\misha\AppData\Local\Temp\Report20200918-1732 (2).diagsession'
Debug --- SessionTargetsService --- New target added PerfDebuggerTarget.
Info --- Session ('ff803e8e-5a53-4c92-b1a7-490f5a97ee9a') --- Initializing performance debugger session.
Debug --- Session ('ff803e8e-5a53-4c92-b1a7-490f5a97ee9a') --- Changing state from 'Created' to 'InitializePerformanceDebugger'.
Debug --- MonitoringDocumentViewModel --- Updating view for session state: InitializePerformanceDebugger
Debug --- MonitoringDocumentViewModel --- Done updating view for session state: InitializePerformanceDebugger
Debug --- Session ('ff803e8e-5a53-4c92-b1a7-490f5a97ee9a') --- State has been changed to 'InitializePerformanceDebugger'.
Warning --- CpuToolTelemetry --- No Document PropertyBag found for document at path: C:\Users\misha\AppData\Local\Temp\Report20200918-1732 (2).diagsession
Debug --- Session ('ff803e8e-5a53-4c92-b1a7-490f5a97ee9a') --- Collectors count: 1
Debug --- StandardClientTransportConnection --- Connection protocol version: VS16Update7
Debug --- Session ('ff803e8e-5a53-4c92-b1a7-490f5a97ee9a') --- Changing state from 'InitializePerformanceDebugger' to 'PerformanceDebuggerInitialized'.
Debug --- MonitoringDocumentViewModel --- Updating view for session state: PerformanceDebuggerInitialized
Debug --- MonitoringDocumentViewModel --- Done updating view for session state: PerformanceDebuggerInitialized
Debug --- Session ('ff803e8e-5a53-4c92-b1a7-490f5a97ee9a') --- State has been changed to 'PerformanceDebuggerInitialized'.
Debug --- ConcordModuleLoadListener --- Concord Module Load Listener is loaded.
Debug --- Session ('ff803e8e-5a53-4c92-b1a7-490f5a97ee9a') --- Changing state from 'PerformanceDebuggerInitialized' to 'SetupTargets'.
Debug --- ConcordModuleLoadListener --- Processing modules for process. PID: '7952', Unique ID: '726a01bd-8329-4486-a9ad-dbc5545e3047'.
Info --- DebuggerUserCodeService --- Setting JMC user state for module 'System.Private.CoreLib.dll' to False.
Info --- DebuggerUserCodeService --- Setting JMC user state for module 'System.Private.CoreLib.dll' to False.
Info --- DebuggerUserCodeService --- Setting JMC user state for module 'Collections.dll' to True.
Debug --- MonitoringDocumentViewModel --- Updating view for session state: SetupTargets
Debug --- MonitoringDocumentViewModel --- Done updating view for session state: SetupTargets
Debug --- Session ('ff803e8e-5a53-4c92-b1a7-490f5a97ee9a') --- State has been changed to 'SetupTargets'.
Debug --- Session ('ff803e8e-5a53-4c92-b1a7-490f5a97ee9a') --- Changing state from 'SetupTargets' to 'CollectionStarting'.
Info --- DebuggerUserCodeService --- Setting JMC user state for module 'System.Runtime.dll' to False.
Info --- DebuggerUserCodeService --- Setting JMC user state for module 'System.Runtime.Extensions.dll' to False.
Info --- DebuggerUserCodeService --- Setting JMC user state for module 'System.Collections.dll' to False.
Info --- DebuggerUserCodeService --- Setting JMC user state for module 'System.Console.dll' to False.
Debug --- MonitoringDocumentViewModel --- Updating view for session state: CollectionStarting
Debug --- MonitoringDocumentViewModel --- Done updating view for session state: CollectionStarting
Debug --- Session ('ff803e8e-5a53-4c92-b1a7-490f5a97ee9a') --- State has been changed to 'CollectionStarting'.
Info --- DebuggerUserCodeService --- Setting JMC user state for module 'System.Threading.dll' to False.
Info --- DebuggerUserCodeService --- Setting JMC user state for module 'System.Text.Encoding.Extensions.dll' to False.
Debug --- DataWarehouseServiceHubHost --- Request queued. Controller ID: DataWarehouse, Action ID: 1, Session ID: ff803e8e-5a53-4c92-b1a7-490f5a97ee9a, Content '{"analyzers":[{"type":2,"clsid":"dca8b3ef-28c5-4b08-bafc-b072f8aa9277","localDllPath":"C:\\Program Files (x86)\\Microsoft Visual Studio\\2019\\Community\\Common7\\IDE\\CommonExtensions\\Platform\\CPUSampling\\amd64\\DiagnosticsHub.CpuSamplingAnalyzer.dll","initialize":false},{"type":1,"clsid":"66edddf1-2277-40f3-983a-6ff57a433ecb","localDllPath":null,"initialize":false},{"type":1,"clsid":"66edddf1-2277-40f3-983a-6ff57a433ecb","localDllPath":null,"initialize":false},{"type":1,"clsid":"4694940b-046b-4885-9b7d-1fb0e8f2d54b","localDllPath":null,"initialize":false}],"dataSources":[],"symbolStorePath":"","symbolCachePath":"C:\\Users\\misha\\AppData\\Local\\Temp\\SymbolCache","clientCulture":1033,"isJmcEnabled":true,"symbolLocatorServiceFullPath":"C:\\Program Files (x86)\\Microsoft Visual Studio\\2019\\Community\\Common7\\IDE\\Remote Debugger\\x64\\symbollocator.dll","portablePdbLibraryFullPath":"C:\\Program Files (x86)\\Microsoft Visual Studio\\2019\\Community\\Common7\\IDE\\Remote Debugger\\x64\\Microsoft.DiaSymReader.PortablePdb.dll","sessionId":"ff803e8e-5a53-4c92-b1a7-490f5a97ee9a"}'
Debug --- DebuggerUserCodeServiceProxy --- Proxy found debugger user code service for process: 726a01bd-8329-4486-a9ad-dbc5545e3047
Debug --- DataWarehouseServiceHubHost --- Request queued. Controller ID: DataWarehouse, Action ID: 2, Session ID: ff803e8e-5a53-4c92-b1a7-490f5a97ee9a, Content '{"sessionId":"ff803e8e-5a53-4c92-b1a7-490f5a97ee9a"}'
Debug --- ConcordModuleLoadListener --- Notification about launched process. PID: '7952', Unique ID: '726a01bd-8329-4486-a9ad-dbc5545e3047'.
Error --- ConcordModuleLoadListener --- Failed to find DKM process with PID '7952' and unique ID '726a01bd-8329-4486-a9ad-dbc5545e3047'.
Debug --- DataWarehouseServiceHubHost --- Request queued. Controller ID: DataWarehouse, Action ID: 7, Session ID: ff803e8e-5a53-4c92-b1a7-490f5a97ee9a, Content '{"startTimeQpc":14602063608,"qpcFrequency":10000000,"beginTimeInFileTime":{"dwLowDateTime":907179142,"dwHighDateTime":30838217},"processId":7952,"processStartTimeQpc":14613056190,"isProcessPaused":true,"machineName":"MMM-PC","sessionId":"ff803e8e-5a53-4c92-b1a7-490f5a97ee9a"}'
Debug --- DataWarehouseInstance --- Pushed new active collection: 936072dc-ba14-4de0-b25a-9de340d2c683
Debug --- Session ('ff803e8e-5a53-4c92-b1a7-490f5a97ee9a') --- Changing state from 'CollectionStarting' to 'CollectionStarted'.
Debug --- DataWarehouseServiceHubHost --- Request queued. Controller ID: DataWarehouseContextService, Action ID: 1, Session ID: ff803e8e-5a53-4c92-b1a7-490f5a97ee9a, Content '{"data":{"timeDomain":null,"machineDomain":null,"processDomain":null,"threadDomain":null,"customDomain":null,"contextId":"00000000-0000-0000-0000-000000000000","sessionId":"00000000-0000-0000-0000-000000000000"},"sessionId":"ff803e8e-5a53-4c92-b1a7-490f5a97ee9a"}'
Debug --- DataWarehouseServiceHubHost --- Request queued. Controller ID: DataWarehouseContextService, Action ID: 1, Session ID: ff803e8e-5a53-4c92-b1a7-490f5a97ee9a, Content '{"data":{"timeDomain":null,"machineDomain":null,"processDomain":null,"threadDomain":null,"customDomain":null,"contextId":"00000000-0000-0000-0000-000000000000","sessionId":"00000000-0000-0000-0000-000000000000"},"sessionId":"ff803e8e-5a53-4c92-b1a7-490f5a97ee9a"}'
Debug --- DataWarehouseServiceHubHost --- Request queued. Controller ID: DataWarehouseContext, Action ID: 7, Session ID: ff803e8e-5a53-4c92-b1a7-490f5a97ee9a, Content '{"processId":7952,"contextId":"51830954-ae7d-472c-9dbb-17a4320093ee","sessionId":"ff803e8e-5a53-4c92-b1a7-490f5a97ee9a"}'
Debug --- DataWarehouseServiceHubHost --- Request queued. Controller ID: DataWarehouseContext, Action ID: 7, Session ID: ff803e8e-5a53-4c92-b1a7-490f5a97ee9a, Content '{"processId":7952,"contextId":"da1ea30f-ea52-4c6a-a574-0e0b3ce490a0","sessionId":"ff803e8e-5a53-4c92-b1a7-490f5a97ee9a"}'
Debug --- DataWarehouseServiceHubHost --- Request queued. Controller ID: DataWarehouse, Action ID: 3, Session ID: ff803e8e-5a53-4c92-b1a7-490f5a97ee9a, Content '{"contextId":"51830954-ae7d-472c-9dbb-17a4320093ee","analyzerId":"4694940b-046b-4885-9b7d-1fb0e8f2d54b","filter":null,"sessionId":"ff803e8e-5a53-4c92-b1a7-490f5a97ee9a"}'
Debug --- DataWarehouseServiceHubHost --- Request queued. Controller ID: DataWarehouse, Action ID: 3, Session ID: ff803e8e-5a53-4c92-b1a7-490f5a97ee9a, Content '{"contextId":"da1ea30f-ea52-4c6a-a574-0e0b3ce490a0","analyzerId":"4694940b-046b-4885-9b7d-1fb0e8f2d54b","filter":null,"sessionId":"ff803e8e-5a53-4c92-b1a7-490f5a97ee9a"}'
Debug --- DataWarehouseInstance --- Result ID (-2147483647) received for Session ID: ff803e8e-5a53-4c92-b1a7-490f5a97ee9a
Debug --- DataWarehouseInstance --- Result ID (-2147483646) received for Session ID: ff803e8e-5a53-4c92-b1a7-490f5a97ee9a
Debug --- Service Microsoft.DiagnosticsHub.IDocumentsService implementation --- New document was created 'C:\Users\misha\AppData\Local\Temp\Report20200918-1737.diagsession'
Debug --- MonitoringDocumentViewModel --- Updating view for document state: New
Debug --- Scripted Control (PerformanceDebuggerSwimLanesView.manifest.json) --- Initializing the ScriptedControl with manifest file 'c:\program files (x86)\microsoft visual studio\2019\community\common7\ide\commonextensions\platform\diagnosticshub\WebViews\PerformanceDebuggerSwimLanesView.manifest.json'. Base directory 'c:\program files (x86)\microsoft visual studio\2019\community\common7\ide'. Subdomain 'd0f68007-299a-4263-bb44-930e2a8c5a66
Debug --- Scripted Control (PerformanceDebuggerSwimLanesView.manifest.json) --- Menu command service is provided for manifest 'c:\program files (x86)\microsoft visual studio\2019\community\common7\ide\commonextensions\platform\diagnosticshub\WebViews\PerformanceDebuggerSwimLanesView.manifest.json'.
Debug --- Scripted Control (PerformanceDebuggerSwimLanesView.manifest.json) --- Creating UIElement for c:\program files (x86)\microsoft visual studio\2019\community\common7\ide\commonextensions\platform\diagnosticshub\WebViews\PerformanceDebuggerSwimLanesView.manifest.json.
Debug --- MonitoringDocumentViewModel --- Done updating view for document state: New
Debug --- PerformanceDebuggerSessionManager --- Aborting PerformanceDebugger session with state 'CollectionStarted'
Debug --- DataWarehouseInstance --- Sending graph update 1 (size: 14) to Data Warehouse
Debug --- DataWarehouseServiceHubHost --- Request queued. Controller ID: DataWarehouseActiveCollection, Action ID: 2, Session ID: ff803e8e-5a53-4c92-b1a7-490f5a97ee9a, Content '{"byteArray":"DgP4StNoAwAAAAAAAAA=","byteArrayLen":14,"id":1,"activeCollectionId":"936072dc-ba14-4de0-b25a-9de340d2c683","sessionId":"ff803e8e-5a53-4c92-b1a7-490f5a97ee9a"}'
Debug --- CollectionDataCountersService --- Graph update response: Latest collection time: 0 Current collection time: 0
Debug --- DataWarehouseInstance --- Sending graph update 2 (size: 14) to Data Warehouse
Debug --- DataWarehouseServiceHubHost --- Request queued. Controller ID: DataWarehouseActiveCollection, Action ID: 2, Session ID: ff803e8e-5a53-4c92-b1a7-490f5a97ee9a, Content '{"byteArray":"DgO9Bv9oAwAAAAAAAAA=","byteArrayLen":14,"id":2,"activeCollectionId":"936072dc-ba14-4de0-b25a-9de340d2c683","sessionId":"ff803e8e-5a53-4c92-b1a7-490f5a97ee9a"}'
Debug --- CollectionDataCountersService --- Graph update response: Latest collection time: 0 Current collection time: 0
Debug --- MonitoringDocumentViewModel --- Updating view for session state: CollectionStarted
Debug --- CollectionResultUpdateService --- Flush service: Start
Warning --- MonitoringDocumentViewModel --- Not activating current view model because we are disposed
Debug --- MonitoringDocumentViewModel --- Done updating view for session state: CollectionStarted
Debug --- Session ('ff803e8e-5a53-4c92-b1a7-490f5a97ee9a') --- State has been changed to 'CollectionStarted'.
Debug --- Session ('ff803e8e-5a53-4c92-b1a7-490f5a97ee9a') --- State has been changed to 'CollectionTerminating'.
Debug --- Session ('ff803e8e-5a53-4c92-b1a7-490f5a97ee9a') --- Changing state from 'CollectionStarted' to 'CollectionTerminating'.
Debug --- DataWarehouseServiceHubHost --- Request queued. Controller ID: DataWarehouse, Action ID: 8, Session ID: ff803e8e-5a53-4c92-b1a7-490f5a97ee9a, Content '{"activeCollectionId":"936072dc-ba14-4de0-b25a-9de340d2c683","sessionId":"ff803e8e-5a53-4c92-b1a7-490f5a97ee9a"}'
Debug --- Session ('ff803e8e-5a53-4c92-b1a7-490f5a97ee9a') --- Changing state from 'CollectionTerminating' to 'CollectionTerminated'.
Debug --- Document ('C:\Users\misha\AppData\Local\Temp\Report20200918-1732 (2).diagsession') --- Changing document state from 'ActiveSession' to Failed.
Debug --- SessionsService --- Closing session for document C:\Users\misha\AppData\Local\Temp\Report20200918-1732 (2).diagsession
Debug --- DataWarehouseServiceHubHost --- Request queued. Controller ID: DataWarehouse, Action ID: 400, Session ID: ff803e8e-5a53-4c92-b1a7-490f5a97ee9a, Content '{"sessionId":"ff803e8e-5a53-4c92-b1a7-490f5a97ee9a"}'
Debug --- CollectionResultUpdateService --- Collection Result Update Service: Stop
Debug --- SessionsService --- Session for document C:\Users\misha\AppData\Local\Temp\Report20200918-1732 (2).diagsession was closed
Debug --- Session ('ff803e8e-5a53-4c92-b1a7-490f5a97ee9a') --- State has been changed to 'CollectionTerminated'.
Debug --- CollectionResultUpdateService --- Flush service: Stop
Debug --- Service Microsoft.DiagnosticsHub.IDocumentsService implementation --- Closing document 'C:\Users\misha\AppData\Local\Temp\Report20200918-1732 (2).diagsession'
Debug --- Service Microsoft.DiagnosticsHub.IDocumentsService implementation --- Temporary file C:\Users\misha\AppData\Local\Temp\Report20200918-1732 (2).diagsession successfully deleted.
Debug --- Document ('C:\Users\misha\AppData\Local\Temp\Report20200918-1732 (2).diagsession') --- Current implementation of data warehouse by default deletes all data sources.
Debug --- DataWarehouseServiceHubHost --- Request queued. Controller ID: DataWarehouse, Action ID: 5, Session ID: ff803e8e-5a53-4c92-b1a7-490f5a97ee9a, Content '{"resultId":-2147483647,"sessionId":"ff803e8e-5a53-4c92-b1a7-490f5a97ee9a"}'
Debug --- Scripted Control (PerformanceDebuggerSwimLanesView.manifest.json) --- Publishing the object with name 'Microsoft.DiagnosticsHub.VisualStudio.Presentation.JavaScriptModels.PerformanceDebuggerToolsServiceMarshaler' and type 'Microsoft.DiagnosticsHub.VisualStudio.Presentation.JavaScriptModels.PerformanceDebuggerToolsServiceMarshaler'. ScriptedControl with manifest 'c:\program files (x86)\microsoft visual studio\2019\community\common7\ide\commonextensions\platform\diagnosticshub\WebViews\PerformanceDebuggerSwimLanesView.manifest.json'.
Debug --- Scripted Control (PerformanceDebuggerSwimLanesView.manifest.json) --- Publishing the object with name 'Microsoft.DiagnosticsHub.VisualStudio.Presentation.JavaScriptModels.SwimLanesViewMarshaler' and type 'Microsoft.DiagnosticsHub.VisualStudio.Presentation.JavaScriptModels.SwimLanesViewMarshaler'. ScriptedControl with manifest 'c:\program files (x86)\microsoft visual studio\2019\community\common7\ide\commonextensions\platform\diagnosticshub\WebViews\PerformanceDebuggerSwimLanesView.manifest.json'.
Debug --- Scripted Control (PerformanceDebuggerSwimLanesView.manifest.json) --- The object with name 'Microsoft.DiagnosticsHub.VisualStudio.Presentation.JavaScriptModels.SwimLanesViewMarshaler' and type 'Microsoft.DiagnosticsHub.VisualStudio.Presentation.JavaScriptModels.SwimLanesViewMarshaler' has been published. ScriptedControl with manifest 'c:\program files (x86)\microsoft visual studio\2019\community\common7\ide\commonextensions\platform\diagnosticshub\WebViews\PerformanceDebuggerSwimLanesView.manifest.json'.
Debug --- Scripted Control (PerformanceDebuggerSwimLanesView.manifest.json) --- The object with name 'Microsoft.DiagnosticsHub.VisualStudio.Presentation.JavaScriptModels.PerformanceDebuggerToolsServiceMarshaler' and type 'Microsoft.DiagnosticsHub.VisualStudio.Presentation.JavaScriptModels.PerformanceDebuggerToolsServiceMarshaler' has been published. ScriptedControl with manifest 'c:\program files (x86)\microsoft visual studio\2019\community\common7\ide\commonextensions\platform\diagnosticshub\WebViews\PerformanceDebuggerSwimLanesView.manifest.json'.
Debug --- Scripted Control (PerformanceDebuggerSwimLanesView.manifest.json) --- Publishing the object with name 'Microsoft.DiagnosticsHub.VisualStudio.Presentation.JavaScriptModels.PerformanceDebuggerStateMarshaler' and type 'Microsoft.DiagnosticsHub.VisualStudio.Presentation.JavaScriptModels.PerformanceDebuggerStateMarshaler'. ScriptedControl with manifest 'c:\program files (x86)\microsoft visual studio\2019\community\common7\ide\commonextensions\platform\diagnosticshub\WebViews\PerformanceDebuggerSwimLanesView.manifest.json'.
Debug --- Scripted Control (PerformanceDebuggerSwimLanesView.manifest.json) --- The object with name 'Microsoft.DiagnosticsHub.VisualStudio.Presentation.JavaScriptModels.PerformanceDebuggerStateMarshaler' and type 'Microsoft.DiagnosticsHub.VisualStudio.Presentation.JavaScriptModels.PerformanceDebuggerStateMarshaler' has been published. ScriptedControl with manifest 'c:\program files (x86)\microsoft visual studio\2019\community\common7\ide\commonextensions\platform\diagnosticshub\WebViews\PerformanceDebuggerSwimLanesView.manifest.json'.
Debug --- Scripted Control (PerformanceDebuggerSwimLanesView.manifest.json) --- Publishing the object with name 'Microsoft.DiagnosticsHub.VisualStudio.Presentation.JavaScriptModels.LoggerPortMarshaler' and type 'Microsoft.DiagnosticsHub.VisualStudio.Presentation.JavaScriptModels.LoggerPortMarshaler'. ScriptedControl with manifest 'c:\program files (x86)\microsoft visual studio\2019\community\common7\ide\commonextensions\platform\diagnosticshub\WebViews\PerformanceDebuggerSwimLanesView.manifest.json'.
Debug --- Scripted Control (PerformanceDebuggerSwimLanesView.manifest.json) --- The object with name 'Microsoft.DiagnosticsHub.VisualStudio.Presentation.JavaScriptModels.LoggerPortMarshaler' and type 'Microsoft.DiagnosticsHub.VisualStudio.Presentation.JavaScriptModels.LoggerPortMarshaler' has been published. ScriptedControl with manifest 'c:\program files (x86)\microsoft visual studio\2019\community\common7\ide\commonextensions\platform\diagnosticshub\WebViews\PerformanceDebuggerSwimLanesView.manifest.json'.
Debug --- Scripted Control (PerformanceDebuggerSwimLanesView.manifest.json) --- Publishing the object with name 'Microsoft.DiagnosticsHub.VisualStudio.Presentation.JavaScriptModels.EventAggregatorMarshaler' and type 'Microsoft.DiagnosticsHub.VisualStudio.Presentation.JavaScriptModels.EventAggregatorMarshaler'. ScriptedControl with manifest 'c:\program files (x86)\microsoft visual studio\2019\community\common7\ide\commonextensions\platform\diagnosticshub\WebViews\PerformanceDebuggerSwimLanesView.manifest.json'.
Debug --- Scripted Control (PerformanceDebuggerSwimLanesView.manifest.json) --- The object with name 'Microsoft.DiagnosticsHub.VisualStudio.Presentation.JavaScriptModels.EventAggregatorMarshaler' and type 'Microsoft.DiagnosticsHub.VisualStudio.Presentation.JavaScriptModels.EventAggregatorMarshaler' has been published. ScriptedControl with manifest 'c:\program files (x86)\microsoft visual studio\2019\community\common7\ide\commonextensions\platform\diagnosticshub\WebViews\PerformanceDebuggerSwimLanesView.manifest.json'.
Debug --- Scripted Control (PerformanceDebuggerSwimLanesView.manifest.json) --- Publishing the object with name 'Microsoft.DiagnosticsHub.VisualStudio.Presentation.JavaScriptModels.OutputWindowServiceMarshaler' and type 'Microsoft.DiagnosticsHub.VisualStudio.Presentation.JavaScriptModels.OutputWindowServiceMarshaler'. ScriptedControl with manifest 'c:\program files (x86)\microsoft visual studio\2019\community\common7\ide\commonextensions\platform\diagnosticshub\WebViews\PerformanceDebuggerSwimLanesView.manifest.json'.
Debug --- Scripted Control (PerformanceDebuggerSwimLanesView.manifest.json) --- The object with name 'Microsoft.DiagnosticsHub.VisualStudio.Presentation.JavaScriptModels.OutputWindowServiceMarshaler' and type 'Microsoft.DiagnosticsHub.VisualStudio.Presentation.JavaScriptModels.OutputWindowServiceMarshaler' has been published. ScriptedControl with manifest 'c:\program files (x86)\microsoft visual studio\2019\community\common7\ide\commonextensions\platform\diagnosticshub\WebViews\PerformanceDebuggerSwimLanesView.manifest.json'.
Debug --- Scripted Control (PerformanceDebuggerSwimLanesView.manifest.json) --- Publishing the object with name 'Microsoft.DiagnosticsHub.VisualStudio.Presentation.JavaScriptModels.SwimlaneDataServiceMarshaler' and type 'Microsoft.DiagnosticsHub.VisualStudio.Presentation.JavaScriptModels.SwimlaneDataServiceMarshaler'. ScriptedControl with manifest 'c:\program files (x86)\microsoft visual studio\2019\community\common7\ide\commonextensions\platform\diagnosticshub\WebViews\PerformanceDebuggerSwimLanesView.manifest.json'.
Debug --- Scripted Control (PerformanceDebuggerSwimLanesView.manifest.json) --- The object with name 'Microsoft.DiagnosticsHub.VisualStudio.Presentation.JavaScriptModels.SwimlaneDataServiceMarshaler' and type 'Microsoft.DiagnosticsHub.VisualStudio.Presentation.JavaScriptModels.SwimlaneDataServiceMarshaler' has been published. ScriptedControl with manifest 'c:\program files (x86)\microsoft visual studio\2019\community\common7\ide\commonextensions\platform\diagnosticshub\WebViews\PerformanceDebuggerSwimLanesView.manifest.json'.
Debug --- Scripted Control (PerformanceDebuggerSwimLanesView.manifest.json) --- Publishing the object with name 'Microsoft.DiagnosticsHub.VisualStudio.Presentation.JavaScriptModels.DataWarehouseServiceMarshaler' and type 'Microsoft.DiagnosticsHub.VisualStudio.Presentation.JavaScriptModels.DataWarehouseServiceMarshaler'. ScriptedControl with manifest 'c:\program files (x86)\microsoft visual studio\2019\community\common7\ide\commonextensions\platform\diagnosticshub\WebViews\PerformanceDebuggerSwimLanesView.manifest.json'.
Debug --- Scripted Control (PerformanceDebuggerSwimLanesView.manifest.json) --- The object with name 'Microsoft.DiagnosticsHub.VisualStudio.Presentation.JavaScriptModels.DataWarehouseServiceMarshaler' and type 'Microsoft.DiagnosticsHub.VisualStudio.Presentation.JavaScriptModels.DataWarehouseServiceMarshaler' has been published. ScriptedControl with manifest 'c:\program files (x86)\microsoft visual studio\2019\community\common7\ide\commonextensions\platform\diagnosticshub\WebViews\PerformanceDebuggerSwimLanesView.manifest.json'.
Debug --- Scripted Control (PerformanceDebuggerSwimLanesView.manifest.json) --- Publishing the object with name 'Microsoft.DiagnosticsHub.VisualStudio.Presentation.JavaScriptModels.SwimLaneViewStateServiceMarshaler' and type 'Microsoft.DiagnosticsHub.VisualStudio.Presentation.JavaScriptModels.SwimLaneViewStateServiceMarshaler'. ScriptedControl with manifest 'c:\program files (x86)\microsoft visual studio\2019\community\common7\ide\commonextensions\platform\diagnosticshub\WebViews\PerformanceDebuggerSwimLanesView.manifest.json'.
Debug --- Scripted Control (PerformanceDebuggerSwimLanesView.manifest.json) --- The object with name 'Microsoft.DiagnosticsHub.VisualStudio.Presentation.JavaScriptModels.SwimLaneViewStateServiceMarshaler' and type 'Microsoft.DiagnosticsHub.VisualStudio.Presentation.JavaScriptModels.SwimLaneViewStateServiceMarshaler' has been published. ScriptedControl with manifest 'c:\program files (x86)\microsoft visual studio\2019\community\common7\ide\commonextensions\platform\diagnosticshub\WebViews\PerformanceDebuggerSwimLanesView.manifest.json'.
Debug --- Scripted Control (PerformanceDebuggerSwimLanesView.manifest.json) --- Publishing the object with name 'Microsoft.DiagnosticsHub.VisualStudio.Presentation.JavaScriptModels.VisualStudioServiceMarshaler' and type 'Microsoft.DiagnosticsHub.VisualStudio.Presentation.JavaScriptModels.VisualStudioServiceMarshaler'. ScriptedControl with manifest 'c:\program files (x86)\microsoft visual studio\2019\community\common7\ide\commonextensions\platform\diagnosticshub\WebViews\PerformanceDebuggerSwimLanesView.manifest.json'.
Debug --- Scripted Control (PerformanceDebuggerSwimLanesView.manifest.json) --- The object with name 'Microsoft.DiagnosticsHub.VisualStudio.Presentation.JavaScriptModels.VisualStudioServiceMarshaler' and type 'Microsoft.DiagnosticsHub.VisualStudio.Presentation.JavaScriptModels.VisualStudioServiceMarshaler' has been published. ScriptedControl with manifest 'c:\program files (x86)\microsoft visual studio\2019\community\common7\ide\commonextensions\platform\diagnosticshub\WebViews\PerformanceDebuggerSwimLanesView.manifest.json'.
Debug --- Scripted Control (PerformanceDebuggerSwimLanesView.manifest.json) --- Publishing the object with name 'Microsoft.DiagnosticsHub.VisualStudio.Presentation.JavaScriptModels.DocumentPortMarshaler' and type 'Microsoft.DiagnosticsHub.VisualStudio.Presentation.JavaScriptModels.DocumentPortMarshaler'. ScriptedControl with manifest 'c:\program files (x86)\microsoft visual studio\2019\community\common7\ide\commonextensions\platform\diagnosticshub\WebViews\PerformanceDebuggerSwimLanesView.manifest.json'.
Debug --- Scripted Control (PerformanceDebuggerSwimLanesView.manifest.json) --- The object with name 'Microsoft.DiagnosticsHub.VisualStudio.Presentation.JavaScriptModels.DocumentPortMarshaler' and type 'Microsoft.DiagnosticsHub.VisualStudio.Presentation.JavaScriptModels.DocumentPortMarshaler' has been published. ScriptedControl with manifest 'c:\program files (x86)\microsoft visual studio\2019\community\common7\ide\commonextensions\platform\diagnosticshub\WebViews\PerformanceDebuggerSwimLanesView.manifest.json'.
Debug --- Scripted Control (PerformanceDebuggerSwimLanesView.manifest.json) --- Publishing the object with name 'Microsoft.DiagnosticsHub.VisualStudio.Presentation.JavaScriptModels.TelemetryDocumentServiceMarshaler' and type 'Microsoft.DiagnosticsHub.VisualStudio.Presentation.JavaScriptModels.TelemetryDocumentServiceMarshaler'. ScriptedControl with manifest 'c:\program files (x86)\microsoft visual studio\2019\community\common7\ide\commonextensions\platform\diagnosticshub\WebViews\PerformanceDebuggerSwimLanesView.manifest.json'.
Debug --- Scripted Control (PerformanceDebuggerSwimLanesView.manifest.json) --- The object with name 'Microsoft.DiagnosticsHub.VisualStudio.Presentation.JavaScriptModels.TelemetryDocumentServiceMarshaler' and type 'Microsoft.DiagnosticsHub.VisualStudio.Presentation.JavaScriptModels.TelemetryDocumentServiceMarshaler' has been published. ScriptedControl with manifest 'c:\program files (x86)\microsoft visual studio\2019\community\common7\ide\commonextensions\platform\diagnosticshub\WebViews\PerformanceDebuggerSwimLanesView.manifest.json'.
Debug --- Scripted Control (PerformanceDebuggerSwimLanesView.manifest.json) --- Publishing the object with name 'Microsoft.DiagnosticsHub.VisualStudio.Presentation.JavaScriptModels.TelemetryGlobalServiceMarshaler' and type 'Microsoft.DiagnosticsHub.VisualStudio.Presentation.JavaScriptModels.TelemetryGlobalServiceMarshaler'. ScriptedControl with manifest 'c:\program files (x86)\microsoft visual studio\2019\community\common7\ide\commonextensions\platform\diagnosticshub\WebViews\PerformanceDebuggerSwimLanesView.manifest.json'.
Debug --- Scripted Control (PerformanceDebuggerSwimLanesView.manifest.json) --- The object with name 'Microsoft.DiagnosticsHub.VisualStudio.Presentation.JavaScriptModels.TelemetryGlobalServiceMarshaler' and type 'Microsoft.DiagnosticsHub.VisualStudio.Presentation.JavaScriptModels.TelemetryGlobalServiceMarshaler' has been published. ScriptedControl with manifest 'c:\program files (x86)\microsoft visual studio\2019\community\common7\ide\commonextensions\platform\diagnosticshub\WebViews\PerformanceDebuggerSwimLanesView.manifest.json'.
Debug --- Scripted Control (PerformanceDebuggerSwimLanesView.manifest.json) --- Publishing the object with name 'Microsoft.DiagnosticsHub.VisualStudio.Presentation.JavaScriptModels.DetailsViewNavigationMarshaler' and type 'Microsoft.DiagnosticsHub.VisualStudio.Presentation.JavaScriptModels.DetailsViewNavigationMarshaler'. ScriptedControl with manifest 'c:\program files (x86)\microsoft visual studio\2019\community\common7\ide\commonextensions\platform\diagnosticshub\WebViews\PerformanceDebuggerSwimLanesView.manifest.json'.
Debug --- Scripted Control (PerformanceDebuggerSwimLanesView.manifest.json) --- The object with name 'Microsoft.DiagnosticsHub.VisualStudio.Presentation.JavaScriptModels.DetailsViewNavigationMarshaler' and type 'Microsoft.DiagnosticsHub.VisualStudio.Presentation.JavaScriptModels.DetailsViewNavigationMarshaler' has been published. ScriptedControl with manifest 'c:\program files (x86)\microsoft visual studio\2019\community\common7\ide\commonextensions\platform\diagnosticshub\WebViews\PerformanceDebuggerSwimLanesView.manifest.json'.
Debug --- Scripted Control (PerformanceDebuggerSwimLanesView.manifest.json) --- EventAggregator:: Raising event type Microsoft.DiagnosticsHub.SwimlaneResizeHeight with data {"MinValue":27,"MaxValue":27,"Value":27}.
Debug --- Scripted Control (PerformanceDebuggerSwimLanesView.manifest.json) --- EventAggregator:: Raising event type Microsoft.DiagnosticsHub.RendererReadyEvent with da